/g4t1
[0m[ INFO] [1700081768.464123432]: Module initial frequency: 1.000000[0m
/g4t1
[0m[ INFO] [1700081769.248550238]: Succesfully connected to effector.[0m
++++++++++++++++++++
Trm: 0.000000
Ecg: 0.000000
Oxi: 94.225301
Abps: 0.000000
Abpd: 0.000000
Glc: 0.000000
++++++++++++++++++++
General risk status: 0%
Term: unknown
Ecg: unknown
Oxi: low risk
Abps: unknown
Abpd: unknown
Glc: unknown
Patient_Status: 0.000000

*****************************************
PatientStatusInfo#
| THERM_RISK: 0
| ECG_RISK: 0
| OXIM_RISK: 13.4003
| ABPS_RISK: 0
| ABPD_RISK: 0
| GLC_RISK: 0
| PATIENT_STATE:VERY LOW RISK
Seconds Since Epoch: 1700081771275
*****************************************
++++++++++++++++++++
Trm: 0.000000
Ecg: 95.020103
Oxi: 94.225301
Abps: 0.000000
Abpd: 0.000000
Glc: 0.000000
++++++++++++++++++++
General risk status: 13.4003%
Term: unknown
Ecg: low risk
Oxi: low risk
Abps: unknown
Abpd: unknown
Glc: unknown
Patient_Status: 13.400344

*****************************************
PatientStatusInfo#
| THERM_RISK: 0
| ECG_RISK: 13.4003
| OXIM_RISK: 13.4003
| ABPS_RISK: 0
| ABPD_RISK: 0
| GLC_RISK: 0
| PATIENT_STATE:VERY LOW RISK
Seconds Since Epoch: 1700081771775
*****************************************
++++++++++++++++++++
Trm: 0.000000
Ecg: 95.020103
Oxi: 98.910372
Abps: 0.000000
Abpd: 0.000000
Glc: 0.000000
++++++++++++++++++++
General risk status: 13.4003%
Term: unknown
Ecg: low risk
Oxi: low risk
Abps: unknown
Abpd: unknown
Glc: unknown
Patient_Status: 13.400344

*****************************************
PatientStatusInfo#
| THERM_RISK: 0
| ECG_RISK: 13.4003
| OXIM_RISK: 18.7547
| ABPS_RISK: 0
| ABPD_RISK: 0
| GLC_RISK: 0
| PATIENT_STATE:VERY LOW RISK
Seconds Since Epoch: 1700081772275
*****************************************
++++++++++++++++++++
Trm: 0.000000
Ecg: 96.626413
Oxi: 98.910372
Abps: 0.000000
Abpd: 0.000000
Glc: 0.000000
++++++++++++++++++++
++++++++++++++++++++
Trm: 37.661667
Ecg: 96.626413
Oxi: 98.910372
Abps: 0.000000
Abpd: 0.000000
Glc: 0.000000
++++++++++++++++++++
General risk status: 16.5233%
Term: low risk
Ecg: low risk
Oxi: low risk
Abps: unknown
Abpd: unknown
Glc: unknown
Patient_Status: 16.523324

*****************************************
PatientStatusInfo#
| THERM_RISK: 13.4003
| ECG_RISK: 18.7547
| OXIM_RISK: 18.7547
| ABPS_RISK: 0
| ABPD_RISK: 0
| GLC_RISK: 0
| PATIENT_STATE:VERY LOW RISK
Seconds Since Epoch: 1700081772775
*****************************************
++++++++++++++++++++
Trm: 37.661667
Ecg: 96.626413
Oxi: 72.736192
Abps: 0.000000
Abpd: 0.000000
Glc: 0.000000
++++++++++++++++++++
General risk status: 17.3453%
Term: low risk
Ecg: low risk
Oxi: low risk
Abps: unknown
Abpd: unknown
Glc: unknown
Patient_Status: 17.345347

*****************************************
PatientStatusInfo#
| THERM_RISK: 13.4003
| ECG_RISK: 18.7547
| OXIM_RISK: 11.1586
| ABPS_RISK: 0
| ABPD_RISK: 0
| GLC_RISK: 0
| PATIENT_STATE:VERY LOW RISK
Seconds Since Epoch: 1700081773275
*****************************************
++++++++++++++++++++
Trm: 37.661667
Ecg: 87.652409
Oxi: 72.736192
Abps: 0.000000
Abpd: 0.000000
Glc: 0.000000
++++++++++++++++++++
++++++++++++++++++++
Trm: 37.928047
Ecg: 87.652409
Oxi: 72.736192
Abps: 0.000000
Abpd: 0.000000
Glc: 0.000000
++++++++++++++++++++
General risk status: 15.1413%
Term: low risk
Ecg: low risk
Oxi: low risk
Abps: unknown
Abpd: unknown
Glc: unknown
Patient_Status: 15.141253

*****************************************
PatientStatusInfo#
| THERM_RISK: 18.7547
| ECG_RISK: 11.1586
| OXIM_RISK: 11.1586
| ABPS_RISK: 0
| ABPD_RISK: 0
| GLC_RISK: 0
| PATIENT_STATE:VERY LOW RISK
Seconds Since Epoch: 1700081773775
*****************************************
General risk status: 14.6272%
Term: low risk
Ecg: low risk
Oxi: low risk
Abps: unknown
Abpd: unknown
Glc: unknown
Patient_Status: 14.627235

*****************************************
PatientStatusInfo#
| THERM_RISK: 18.7547
| ECG_RISK: 11.1586
| OXIM_RISK: 11.1586
| ABPS_RISK: 0
| ABPD_RISK: 0
| GLC_RISK: 0
| PATIENT_STATE:VERY LOW RISK
Seconds Since Epoch: 1700081774275
*****************************************
++++++++++++++++++++
Trm: 37.928047
Ecg: 87.652409
Oxi: 72.736192
Abps: 100.201031
Abpd: 0.000000
Glc: 0.000000
++++++++++++++++++++
++++++++++++++++++++
Trm: 36.439858
Ecg: 87.652409
Oxi: 72.736192
Abps: 100.201031
Abpd: 0.000000
Glc: 0.000000
++++++++++++++++++++
General risk status: 14.6272%
Term: low risk
Ecg: low risk
Oxi: low risk
Abps: low risk
Abpd: unknown
Glc: unknown
Patient_Status: 14.627235

*****************************************
PatientStatusInfo#
| THERM_RISK: 11.1586
| ECG_RISK: 11.1586
| OXIM_RISK: 11.1586
| ABPS_RISK: 13.4003
| ABPD_RISK: 0
| GLC_RISK: 0
| PATIENT_STATE:VERY LOW RISK
Seconds Since Epoch: 1700081774776
*****************************************
++++++++++++++++++++
Trm: 36.439858
Ecg: 87.652409
Oxi: 75.785847
Abps: 100.201031
Abpd: 0.000000
Glc: 0.000000
++++++++++++++++++++
General risk status: 10.4151%
Term: low risk
Ecg: low risk
Oxi: low risk
Abps: low risk
Abpd: unknown
Glc: unknown
Patient_Status: 10.415099

*****************************************
PatientStatusInfo#
| THERM_RISK: 11.1586
| ECG_RISK: 11.1586
| OXIM_RISK: 7.67332
| ABPS_RISK: 13.4003
| ABPD_RISK: 0
| GLC_RISK: 0
| PATIENT_STATE:VERY LOW RISK
Seconds Since Epoch: 1700081775276
*****************************************
++++++++++++++++++++
Trm: 36.439858
Ecg: 88.698005
Oxi: 75.785847
Abps: 100.201031
Abpd: 0.000000
Glc: 0.000000
++++++++++++++++++++
++++++++++++++++++++
Trm: 36.439858
Ecg: 88.698005
Oxi: 75.785847
Abps: 116.264133
Abpd: 0.000000
Glc: 0.000000
++++++++++++++++++++
General risk status: 9.61557%
Term: low risk
Ecg: low risk
Oxi: low risk
Abps: low risk
Abpd: unknown
Glc: unknown
Patient_Status: 9.615567

*****************************************
PatientStatusInfo#
| THERM_RISK: 11.1586
| ECG_RISK: 7.67332
| OXIM_RISK: 7.67332
| ABPS_RISK: 18.7547
| ABPD_RISK: 0
| GLC_RISK: 0
| PATIENT_STATE:VERY LOW RISK
Seconds Since Epoch: 1700081775776
*****************************************
++++++++++++++++++++
Trm: 36.439858
Ecg: 88.698005
Oxi: 75.785847
Abps: 116.264133
Abpd: 66.800687
Glc: 0.000000
++++++++++++++++++++
General risk status: 9.20249%
Term: low risk
Ecg: low risk
Oxi: low risk
Abps: low risk
Abpd: low risk
Glc: unknown
Patient_Status: 9.202492

*****************************************
PatientStatusInfo#
| THERM_RISK: 11.1586
| ECG_RISK: 7.67332
| OXIM_RISK: 7.67332
| ABPS_RISK: 18.7547
| ABPD_RISK: 13.4003
| GLC_RISK: 0
| PATIENT_STATE:VERY LOW RISK
Seconds Since Epoch: 1700081776277
*****************************************
++++++++++++++++++++
Trm: 36.439858
Ecg: 88.698005
Oxi: 75.785847
Abps: 26.524085
Abpd: 66.800687
Glc: 0.000000
++++++++++++++++++++
++++++++++++++++++++
Trm: 36.613252
Ecg: 88.698005
Oxi: 75.785847
Abps: 26.524085
Abpd: 66.800687
Glc: 0.000000
++++++++++++++++++++
General risk status: 11.7597%
Term: low risk
Ecg: low risk
Oxi: low risk
Abps: low risk
Abpd: low risk
Glc: unknown
Patient_Status: 11.759717

*****************************************
PatientStatusInfo#
| THERM_RISK: 7.67332
| ECG_RISK: 7.67332
| OXIM_RISK: 7.67332
| ABPS_RISK: 11.1586
| ABPD_RISK: 13.4003
| GLC_RISK: 0
| PATIENT_STATE:VERY LOW RISK
Seconds Since Epoch: 1700081776777
*****************************************
++++++++++++++++++++
Trm: 36.613252
Ecg: 88.698005
Oxi: 84.152721
Abps: 26.524085
Abpd: 66.800687
Glc: 0.000000
++++++++++++++++++++
++++++++++++++++++++
Trm: 36.613252
Ecg: 88.698005
Oxi: 84.152721
Abps: 26.524085
Abpd: 77.509422
Glc: 0.000000
++++++++++++++++++++
++++++++++++++++++++
Trm: 36.613252
Ecg: 91.566647
Oxi: 84.152721
Abps: 26.524085
Abpd: 77.509422
Glc: 0.000000
++++++++++++++++++++
General risk status: 9.27565%
Term: low risk
Ecg: low risk
Oxi: low risk
Abps: low risk
Abpd: low risk
Glc: unknown
Patient_Status: 9.275651

*****************************************
PatientStatusInfo#
| THERM_RISK: 7.67332
| ECG_RISK: 1.88882
| OXIM_RISK: 1.88882
| ABPS_RISK: 11.1586
| ABPD_RISK: 18.7547
| GLC_RISK: 0
| PATIENT_STATE:VERY LOW RISK
Seconds Since Epoch: 1700081777277
*****************************************
General risk status: 10.971%
Term: low risk
Ecg: low risk
Oxi: low risk
Abps: low risk
Abpd: low risk
Glc: unknown
Patient_Status: 10.970963

*****************************************
PatientStatusInfo#
| THERM_RISK: 7.67332
| ECG_RISK: 1.88882
| OXIM_RISK: 1.88882
| ABPS_RISK: 11.1586
| ABPD_RISK: 18.7547
| GLC_RISK: 0
| PATIENT_STATE:VERY LOW RISK
Seconds Since Epoch: 1700081777777
*****************************************
++++++++++++++++++++
Trm: 36.613252
Ecg: 91.566647
Oxi: 84.152721
Abps: 26.524085
Abpd: 17.682723
Glc: 0.000000
++++++++++++++++++++
++++++++++++++++++++
Trm: 36.613252
Ecg: 91.566647
Oxi: 84.152721
Abps: 36.980046
Abpd: 17.682723
Glc: 0.000000
++++++++++++++++++++
General risk status: 10.971%
Term: low risk
Ecg: low risk
Oxi: low risk
Abps: low risk
Abpd: low risk
Glc: unknown
Patient_Status: 10.970963

*****************************************
PatientStatusInfo#
| THERM_RISK: 7.67332
| ECG_RISK: 1.88882
| OXIM_RISK: 1.88882
| ABPS_RISK: 7.67332
| ABPD_RISK: 11.1586
| GLC_RISK: 0
| PATIENT_STATE:VERY LOW RISK
Seconds Since Epoch: 1700081778277
*****************************************
++++++++++++++++++++
Trm: 37.088969
Ecg: 91.566647
Oxi: 84.152721
Abps: 36.980046
Abpd: 17.682723
Glc: 0.000000
++++++++++++++++++++
++++++++++++++++++++
Trm: 37.088969
Ecg: 91.566647
Oxi: 84.152721
Abps: 36.980046
Abpd: 17.682723
Glc: 89.227002
++++++++++++++++++++
++++++++++++++++++++
Trm: 37.088969
Ecg: 91.566647
Oxi: 71.593369
Abps: 36.980046
Abpd: 17.682723
Glc: 89.227002
++++++++++++++++++++
General risk status: 7.41248%
Term: low risk
Ecg: low risk
Oxi: low risk
Abps: low risk
Abpd: low risk
Glc: low risk
Patient_Status: 7.412478

*****************************************
PatientStatusInfo#
| THERM_RISK: 1.88882
| ECG_RISK: 1.88882
| OXIM_RISK: 12.4647
| ABPS_RISK: 7.67332
| ABPD_RISK: 11.1586
| GLC_RISK: 13.4003
| PATIENT_STATE:VERY LOW RISK
Seconds Since Epoch: 1700081778777
*****************************************
++++++++++++++++++++
Trm: 37.088969
Ecg: 85.765742
Oxi: 71.593369
Abps: 36.980046
Abpd: 17.682723
Glc: 89.227002
++++++++++++++++++++
General risk status: 12.0535%
Term: low risk
Ecg: low risk
Oxi: low risk
Abps: low risk
Abpd: low risk
Glc: low risk
Patient_Status: 12.053507

*****************************************
PatientStatusInfo#
| THERM_RISK: 1.88882
| ECG_RISK: 17.4475
| OXIM_RISK: 12.4647
| ABPS_RISK: 7.67332
| ABPD_RISK: 11.1586
| GLC_RISK: 13.4003
| PATIENT_STATE:VERY LOW RISK
Seconds Since Epoch: 1700081779277
*****************************************
++++++++++++++++++++
Trm: 37.088969
Ecg: 85.765742
Oxi: 71.593369
Abps: 36.980046
Abpd: 17.682723
Glc: 87.970327
++++++++++++++++++++
General risk status: 13.9113%
Term: low risk
Ecg: low risk
Oxi: low risk
Abps: low risk
Abpd: low risk
Glc: low risk
Patient_Status: 13.911330

*****************************************
PatientStatusInfo#
| THERM_RISK: 1.88882
| ECG_RISK: 17.4475
| OXIM_RISK: 12.4647
| ABPS_RISK: 7.67332
| ABPD_RISK: 11.1586
| GLC_RISK: 12.174
| PATIENT_STATE:VERY LOW RISK
Seconds Since Epoch: 1700081779777
*****************************************
++++++++++++++++++++
Trm: 37.088969
Ecg: 85.765742
Oxi: 71.593369
Abps: 36.980046
Abpd: 24.653364
Glc: 87.970327
++++++++++++++++++++
++++++++++++++++++++
Trm: 37.088969
Ecg: 85.765742
Oxi: 71.593369
Abps: 65.666472
Abpd: 24.653364
Glc: 87.970327
++++++++++++++++++++
++++++++++++++++++++
Trm: 36.319974
Ecg: 85.765742
Oxi: 71.593369
Abps: 65.666472
Abpd: 24.653364
Glc: 87.970327
++++++++++++++++++++
General risk status: 13.6386%
Term: low risk
Ecg: low risk
Oxi: low risk
Abps: low risk
Abpd: low risk
Glc: low risk
Patient_Status: 13.638584

*****************************************
PatientStatusInfo#
| THERM_RISK: 13.5684
| ECG_RISK: 17.4475
| OXIM_RISK: 12.4647
| ABPS_RISK: 1.88882
| ABPD_RISK: 7.67332
| GLC_RISK: 12.174
| PATIENT_STATE:VERY LOW RISK
Seconds Since Epoch: 1700081780277
*****************************************
++++++++++++++++++++
Trm: 36.319974
Ecg: 85.765742
Oxi: 71.593369
Abps: 65.666472
Abpd: 24.653364
Glc: 64.622148
++++++++++++++++++++
General risk status: 14.3991%
Term: low risk
Ecg: low risk
Oxi: low risk
Abps: low risk
Abpd: low risk
Glc: low risk
Patient_Status: 14.399095

*****************************************
PatientStatusInfo#
| THERM_RISK: 13.5684
| ECG_RISK: 17.4475
| OXIM_RISK: 12.4647
| ABPS_RISK: 1.88882
| ABPD_RISK: 7.67332
| GLC_RISK: 10.6102
| PATIENT_STATE:VERY LOW RISK
Seconds Since Epoch: 1700081780777
*****************************************
++++++++++++++++++++
Trm: 36.319974
Ecg: 98.576504
Oxi: 71.593369
Abps: 65.666472
Abpd: 24.653364
Glc: 64.622148
++++++++++++++++++++
General risk status: 14.2379%
Term: low risk
Ecg: moderate risk
Oxi: low risk
Abps: low risk
Abpd: low risk
Glc: low risk
Patient_Status: 14.237912

*****************************************
PatientStatusInfo#
| THERM_RISK: 13.5684
| ECG_RISK: 24.8537
| OXIM_RISK: 12.4647
| ABPS_RISK: 1.88882
| ABPD_RISK: 7.67332
| GLC_RISK: 10.6102
| PATIENT_STATE:VERY LOW RISK
Seconds Since Epoch: 1700081781277
*****************************************
++++++++++++++++++++
Trm: 36.319974
Ecg: 98.576504
Oxi: 71.593369
Abps: 65.666472
Abpd: 37.931044
Glc: 64.622148
++++++++++++++++++++
General risk status: 18.3073%
Term: low risk
Ecg: moderate risk
Oxi: low risk
Abps: low risk
Abpd: low risk
Glc: low risk
Patient_Status: 18.307314

*****************************************
PatientStatusInfo#
| THERM_RISK: 13.5684
| ECG_RISK: 24.8537
| OXIM_RISK: 12.4647
| ABPS_RISK: 1.88882
| ABPD_RISK: 1.03448
| GLC_RISK: 10.6102
| PATIENT_STATE:VERY LOW RISK
Seconds Since Epoch: 1700081781777
*****************************************
++++++++++++++++++++
Trm: 36.319974
Ecg: 98.576504
Oxi: 71.593369
Abps: 20.812621
Abpd: 37.931044
Glc: 64.622148
++++++++++++++++++++
++++++++++++++++++++
Trm: 38.511848
Ecg: 98.576504
Oxi: 71.593369
Abps: 20.812621
Abpd: 37.931044
Glc: 64.622148
++++++++++++++++++++
++++++++++++++++++++
Trm: 38.511848
Ecg: 98.576504
Oxi: 71.593369
Abps: 20.812621
Abpd: 37.931044
Glc: 66.911386
++++++++++++++++++++
General risk status: 17.6075%
Term: moderate risk
Ecg: moderate risk
Oxi: low risk
Abps: low risk
Abpd: low risk
Glc: low risk
Patient_Status: 17.607512

*****************************************
PatientStatusInfo#
| THERM_RISK: 28.5322
| ECG_RISK: 24.8537
| OXIM_RISK: 12.4647
| ABPS_RISK: 13.0625
| ABPD_RISK: 1.03448
| GLC_RISK: 8.3763
| PATIENT_STATE:VERY LOW RISK
Seconds Since Epoch: 1700081782277
*****************************************
++++++++++++++++++++
Trm: 38.511848
Ecg: 97.433002
Oxi: 71.593369
Abps: 20.812621
Abpd: 37.931044
Glc: 66.911386
++++++++++++++++++++
General risk status: 24.6375%
Term: moderate risk
Ecg: moderate risk
Oxi: low risk
Abps: low risk
Abpd: low risk
Glc: low risk
Patient_Status: 24.637482

*****************************************
PatientStatusInfo#
| THERM_RISK: 28.5322
| ECG_RISK: 22.0585
| OXIM_RISK: 12.4647
| ABPS_RISK: 13.0625
| ABPD_RISK: 1.03448
| GLC_RISK: 8.3763
| PATIENT_STATE:LOW RISK
Seconds Since Epoch: 1700081782777
*****************************************
General risk status: 23.6531%
Term: moderate risk
Ecg: moderate risk
Oxi: low risk
Abps: low risk
Abpd: low risk
Glc: low risk
Patient_Status: 23.653144

*****************************************
PatientStatusInfo#
| THERM_RISK: 28.5322
| ECG_RISK: 22.0585
| OXIM_RISK: 12.4647
| ABPS_RISK: 13.0625
| ABPD_RISK: 1.03448
| GLC_RISK: 8.3763
| PATIENT_STATE:LOW RISK
Seconds Since Epoch: 1700081783277
*****************************************
++++++++++++++++++++
Trm: 38.511848
Ecg: 97.433002
Oxi: 71.593369
Abps: 20.812621
Abpd: 14.553785
Glc: 66.911386
++++++++++++++++++++
++++++++++++++++++++
Trm: 38.511848
Ecg: 97.433002
Oxi: 71.593369
Abps: 124.120603
Abpd: 14.553785
Glc: 66.911386
++++++++++++++++++++
General risk status: 23.6531%
Term: moderate risk
Ecg: moderate risk
Oxi: low risk
Abps: moderate risk
Abpd: low risk
Glc: low risk
Patient_Status: 23.653144

*****************************************
PatientStatusInfo#
| THERM_RISK: 28.5322
| ECG_RISK: 22.0585
| OXIM_RISK: 12.4647
| ABPS_RISK: 30.0653
| ABPD_RISK: 12.7231
| GLC_RISK: 8.3763
| PATIENT_STATE:LOW RISK
Seconds Since Epoch: 1700081783777
*****************************************
++++++++++++++++++++
Trm: 37.982958
Ecg: 97.433002
Oxi: 71.593369
Abps: 124.120603
Abpd: 14.553785
Glc: 66.911386
++++++++++++++++++++
++++++++++++++++++++
Trm: 37.982958
Ecg: 97.433002
Oxi: 71.593369
Abps: 124.120603
Abpd: 14.553785
Glc: 77.430572
++++++++++++++++++++
++++++++++++++++++++
Trm: 37.982958
Ecg: 97.433002
Oxi: 99.415724
Abps: 124.120603
Abpd: 14.553785
Glc: 77.430572
++++++++++++++++++++
General risk status: 23.6801%
Term: low risk
Ecg: moderate risk
Oxi: low risk
Abps: moderate risk
Abpd: low risk
Glc: low risk
Patient_Status: 23.680111

*****************************************
PatientStatusInfo#
| THERM_RISK: 19.8585
| ECG_RISK: 22.0585
| OXIM_RISK: 19.3323
| ABPS_RISK: 30.0653
| ABPD_RISK: 12.7231
| GLC_RISK: 1.88882
| PATIENT_STATE:LOW RISK
Seconds Since Epoch: 1700081784278
*****************************************
++++++++++++++++++++
Trm: 37.982958
Ecg: 97.540785
Oxi: 99.415724
Abps: 124.120603
Abpd: 14.553785
Glc: 77.430572
++++++++++++++++++++
General risk status: 20.7261%
Term: low risk
Ecg: moderate risk
Oxi: low risk
Abps: moderate risk
Abpd: low risk
Glc: low risk
Patient_Status: 20.726102

*****************************************
PatientStatusInfo#
| THERM_RISK: 19.8585
| ECG_RISK: 22.3219
| OXIM_RISK: 19.3323
| ABPS_RISK: 30.0653
| ABPD_RISK: 12.7231
| GLC_RISK: 1.88882
| PATIENT_STATE:LOW RISK
Seconds Since Epoch: 1700081784778
*****************************************
General risk status: 20.8022%
Term: low risk
Ecg: moderate risk
Oxi: low risk
Abps: moderate risk
Abpd: low risk
Glc: low risk
Patient_Status: 20.802205

*****************************************
PatientStatusInfo#
| THERM_RISK: 19.8585
| ECG_RISK: 22.3219
| OXIM_RISK: 19.3323
| ABPS_RISK: 30.0653
| ABPD_RISK: 12.7231
| GLC_RISK: 1.88882
| PATIENT_STATE:LOW RISK
Seconds Since Epoch: 1700081785278
*****************************************
++++++++++++++++++++
Trm: 37.982958
Ecg: 97.540785
Oxi: 99.415724
Abps: 124.120603
Abpd: 92.043311
Glc: 77.430572
++++++++++++++++++++
++++++++++++++++++++
Trm: 37.982958
Ecg: 97.540785
Oxi: 99.415724
Abps: 130.607464
Abpd: 92.043311
Glc: 77.430572
++++++++++++++++++++
++++++++++++++++++++
Trm: 37.925713
Ecg: 97.540785
Oxi: 99.415724
Abps: 130.607464
Abpd: 92.043311
Glc: 77.430572
++++++++++++++++++++
General risk status: 20.8022%
Term: low risk
Ecg: moderate risk
Oxi: low risk
Abps: moderate risk
Abpd: high risk
Glc: low risk
Patient_Status: 20.802205

*****************************************
PatientStatusInfo#
| THERM_RISK: 18.7078
| ECG_RISK: 22.3219
| OXIM_RISK: 19.3323
| ABPS_RISK: 44.3364
| ABPD_RISK: 66.3308
| GLC_RISK: 1.88882
| PATIENT_STATE:LOW RISK
Seconds Since Epoch: 1700081785778
*****************************************
++++++++++++++++++++
Trm: 37.925713
Ecg: 97.540785
Oxi: 99.415724
Abps: 130.607464
Abpd: 92.043311
Glc: 62.721777
++++++++++++++++++++
General risk status: 37.5925%
Term: low risk
Ecg: moderate risk
Oxi: low risk
Abps: moderate risk
Abpd: high risk
Glc: low risk
Patient_Status: 37.592525

*****************************************
PatientStatusInfo#
| THERM_RISK: 18.7078
| ECG_RISK: 22.3219
| OXIM_RISK: 19.3323
| ABPS_RISK: 44.3364
| ABPD_RISK: 66.3308
| GLC_RISK: 12.4647
| PATIENT_STATE:LOW RISK
Seconds Since Epoch: 1700081786278
*****************************************
++++++++++++++++++++
Trm: 37.925713
Ecg: 95.027013
Oxi: 99.415724
Abps: 130.607464
Abpd: 92.043311
Glc: 62.721777
++++++++++++++++++++
General risk status: 43.1626%
Term: low risk
Ecg: low risk
Oxi: low risk
Abps: moderate risk
Abpd: high risk
Glc: low risk
Patient_Status: 43.162579

*****************************************
PatientStatusInfo#
| THERM_RISK: 18.7078
| ECG_RISK: 13.4234
| OXIM_RISK: 19.3323
| ABPS_RISK: 44.3364
| ABPD_RISK: 66.3308
| GLC_RISK: 12.4647
| PATIENT_STATE:MODERATE RISK
Seconds Since Epoch: 1700081786778
*****************************************
++++++++++++++++++++
Trm: 37.925713
Ecg: 95.027013
Oxi: 99.415724
Abps: 130.607464
Abpd: 79.716906
Glc: 62.721777
++++++++++++++++++++
General risk status: 46.2698%
Term: low risk
Ecg: low risk
Oxi: low risk
Abps: moderate risk
Abpd: low risk
Glc: low risk
Patient_Status: 46.269824

*****************************************
PatientStatusInfo#
| THERM_RISK: 18.7078
| ECG_RISK: 13.4234
| OXIM_RISK: 19.3323
| ABPS_RISK: 44.3364
| ABPD_RISK: 19.8585
| GLC_RISK: 12.4647
| PATIENT_STATE:MODERATE RISK
Seconds Since Epoch: 1700081787278
*****************************************
++++++++++++++++++++
Trm: 37.925713
Ecg: 95.027013
Oxi: 99.415724
Abps: 116.123392
Abpd: 79.716906
Glc: 62.721777
++++++++++++++++++++
++++++++++++++++++++
Trm: 37.982743
Ecg: 95.027013
Oxi: 99.415724
Abps: 116.123392
Abpd: 79.716906
Glc: 62.721777
++++++++++++++++++++
++++++++++++++++++++
Trm: 37.982743
Ecg: 95.027013
Oxi: 99.415724
Abps: 116.123392
Abpd: 79.716906
Glc: 95.698205
++++++++++++++++++++
++++++++++++++++++++
Trm: 37.982743
Ecg: 95.027013
Oxi: 95.829208
Abps: 116.123392
Abpd: 79.716906
Glc: 95.698205
++++++++++++++++++++
General risk status: 26.4847%
Term: low risk
Ecg: low risk
Oxi: low risk
Abps: low risk
Abpd: low risk
Glc: low risk
Patient_Status: 26.484714

*****************************************
PatientStatusInfo#
| THERM_RISK: 19.8541
| ECG_RISK: 13.4234
| OXIM_RISK: 15.2334
| ABPS_RISK: 18.7078
| ABPD_RISK: 19.8585
| GLC_RISK: 19.7153
| PATIENT_STATE:LOW RISK
Seconds Since Epoch: 1700081787779
*****************************************
++++++++++++++++++++
Trm: 37.982743
Ecg: 96.354452
Oxi: 95.829208
Abps: 116.123392
Abpd: 79.716906
Glc: 95.698205
++++++++++++++++++++
General risk status: 19.2371%
Term: low risk
Ecg: low risk
Oxi: low risk
Abps: low risk
Abpd: low risk
Glc: low risk
Patient_Status: 19.237067

*****************************************
PatientStatusInfo#
| THERM_RISK: 19.8541
| ECG_RISK: 17.8482
| OXIM_RISK: 15.2334
| ABPS_RISK: 18.7078
| ABPD_RISK: 19.8585
| GLC_RISK: 19.7153
| PATIENT_STATE:VERY LOW RISK
Seconds Since Epoch: 1700081788278
*****************************************
General risk status: 19.3353%
Term: low risk
Ecg: low risk
Oxi: low risk
Abps: low risk
Abpd: low risk
Glc: low risk
Patient_Status: 19.335326

*****************************************
PatientStatusInfo#
| THERM_RISK: 19.8541
| ECG_RISK: 17.8482
| OXIM_RISK: 15.2334
| ABPS_RISK: 18.7078
| ABPD_RISK: 19.8585
| GLC_RISK: 19.7153
| PATIENT_STATE:VERY LOW RISK
Seconds Since Epoch: 1700081788778
*****************************************
++++++++++++++++++++
Trm: 37.982743
Ecg: 96.354452
Oxi: 95.829208
Abps: 116.123392
Abpd: 77.415595
Glc: 95.698205
++++++++++++++++++++
++++++++++++++++++++
Trm: 37.982743
Ecg: 96.354452
Oxi: 95.829208
Abps: 87.100676
Abpd: 77.415595
Glc: 95.698205
++++++++++++++++++++
++++++++++++++++++++
Trm: 35.900032
Ecg: 96.354452
Oxi: 95.829208
Abps: 87.100676
Abpd: 77.415595
Glc: 95.698205
++++++++++++++++++++
General risk status: 19.3353%
Term: moderate risk
Ecg: low risk
Oxi: low risk
Abps: low risk
Abpd: low risk
Glc: low risk
Patient_Status: 19.335326

*****************************************
PatientStatusInfo#
| THERM_RISK: 21.9921
| ECG_RISK: 17.8482
| OXIM_RISK: 15.2334
| ABPS_RISK: 9.03356
| ABPD_RISK: 18.7078
| GLC_RISK: 19.7153
| PATIENT_STATE:VERY LOW RISK
Seconds Since Epoch: 1700081789278
*****************************************
++++++++++++++++++++
Trm: 35.900032
Ecg: 96.354452
Oxi: 95.829208
Abps: 87.100676
Abpd: 77.415595
Glc: 95.844950
++++++++++++++++++++
++++++++++++++++++++
Trm: 35.900032
Ecg: 96.354452
Oxi: 83.685202
Abps: 87.100676
Abpd: 77.415595
Glc: 95.844950
++++++++++++++++++++
General risk status: 19.9721%
Term: moderate risk
Ecg: low risk
Oxi: low risk
Abps: low risk
Abpd: low risk
Glc: low risk
Patient_Status: 19.972051

*****************************************
PatientStatusInfo#
| THERM_RISK: 21.9921
| ECG_RISK: 17.8482
| OXIM_RISK: 1.35452
| ABPS_RISK: 9.03356
| ABPD_RISK: 18.7078
| GLC_RISK: 19.8585
| PATIENT_STATE:VERY LOW RISK
Seconds Since Epoch: 1700081789778
*****************************************
++++++++++++++++++++
Trm: 35.900032
Ecg: 86.543686
Oxi: 83.685202
Abps: 87.100676
Abpd: 77.415595
Glc: 95.844950
++++++++++++++++++++
General risk status: 18.9184%
Term: moderate risk
Ecg: low risk
Oxi: low risk
Abps: low risk
Abpd: low risk
Glc: low risk
Patient_Status: 18.918387

*****************************************
PatientStatusInfo#
| THERM_RISK: 21.9921
| ECG_RISK: 14.8544
| OXIM_RISK: 1.35452
| ABPS_RISK: 9.03356
| ABPD_RISK: 18.7078
| GLC_RISK: 19.8585
| PATIENT_STATE:VERY LOW RISK
Seconds Since Epoch: 1700081790278
*****************************************
General risk status: 18.3473%
Term: moderate risk
Ecg: low risk
Oxi: low risk
Abps: low risk
Abpd: low risk
Glc: low risk
Patient_Status: 18.347282

*****************************************
PatientStatusInfo#
| THERM_RISK: 21.9921
| ECG_RISK: 14.8544
| OXIM_RISK: 1.35452
| ABPS_RISK: 9.03356
| ABPD_RISK: 18.7078
| GLC_RISK: 19.8585
| PATIENT_STATE:VERY LOW RISK
Seconds Since Epoch: 1700081790778
*****************************************
++++++++++++++++++++
Trm: 35.900032
Ecg: 86.543686
Oxi: 83.685202
Abps: 87.100676
Abpd: 58.067117
Glc: 95.844950
++++++++++++++++++++
++++++++++++++++++++
Trm: 35.900032
Ecg: 86.543686
Oxi: 83.685202
Abps: 117.733163
Abpd: 58.067117
Glc: 95.844950
++++++++++++++++++++
++++++++++++++++++++
Trm: 45.467509
Ecg: 86.543686
Oxi: 83.685202
Abps: 117.733163
Abpd: 58.067117
Glc: 95.844950
++++++++++++++++++++
General risk status: 18.3473%
Term: high risk
Ecg: low risk
Oxi: low risk
Abps: low risk
Abpd: low risk
Glc: low risk
Patient_Status: 18.347282

*****************************************
PatientStatusInfo#
| THERM_RISK: 82.8773
| ECG_RISK: 14.8544
| OXIM_RISK: 1.35452
| ABPS_RISK: 19.2444
| ABPD_RISK: 9.03356
| GLC_RISK: 19.8585
| PATIENT_STATE:VERY LOW RISK
Seconds Since Epoch: 1700081791279
*****************************************
++++++++++++++++++++
Trm: 45.467509
Ecg: 86.543686
Oxi: 83.685202
Abps: 117.733163
Abpd: 58.067117
Glc: 132.609046
++++++++++++++++++++
++++++++++++++++++++
Trm: 45.467509
Ecg: 86.543686
Oxi: 16.106997
Abps: 117.733163
Abpd: 58.067117
Glc: 132.609046
++++++++++++++++++++
General risk status: 59.4179%
Term: high risk
Ecg: low risk
Oxi: high risk
Abps: low risk
Abpd: low risk
Glc: high risk
Patient_Status: 59.417881

*****************************************
PatientStatusInfo#
| THERM_RISK: 82.8773
| ECG_RISK: 14.8544
| OXIM_RISK: 75.9571
| ABPS_RISK: 19.2444
| ABPD_RISK: 9.03356
| GLC_RISK: 71.3588
| PATIENT_STATE:MODERATE RISK
Seconds Since Epoch: 1700081791779
*****************************************
++++++++++++++++++++
Trm: 45.467509
Ecg: 93.348144
Oxi: 16.106997
Abps: 117.733163
Abpd: 58.067117
Glc: 132.609046
++++++++++++++++++++
============ EMERGENCY ============(76.8529%)
Term: high risk
Ecg: low risk
Oxi: high risk
Abps: low risk
Abpd: low risk
Glc: high risk
Patient_Status: 76.852906

*****************************************
PatientStatusInfo#
| THERM_RISK: 82.8773
| ECG_RISK: 7.82715
| OXIM_RISK: 75.9571
| ABPS_RISK: 19.2444
| ABPD_RISK: 9.03356
| GLC_RISK: 71.3588
| PATIENT_STATE:CRITICAL RISK
Seconds Since Epoch: 1700081792279
*****************************************
++++++++++++++++++++
Trm: 45.467509
Ecg: 93.348144
Oxi: 16.106997
Abps: 117.733163
Abpd: 89.571669
Glc: 132.609046
++++++++++++++++++++
============ EMERGENCY ============(75.1921%)
Term: high risk
Ecg: low risk
Oxi: high risk
Abps: low risk
Abpd: moderate risk
Glc: high risk
Patient_Status: 75.192091

*****************************************
PatientStatusInfo#
| THERM_RISK: 82.8773
| ECG_RISK: 7.82715
| OXIM_RISK: 75.9571
| ABPS_RISK: 19.2444
| ABPD_RISK: 63.1153
| GLC_RISK: 71.3588
| PATIENT_STATE:CRITICAL RISK
Seconds Since Epoch: 1700081792779
*****************************************
++++++++++++++++++++
Trm: 45.467509
Ecg: 93.348144
Oxi: 16.106997
Abps: 217.660104
Abpd: 89.571669
Glc: 132.609046
++++++++++++++++++++
++++++++++++++++++++
Trm: 48.202524
Ecg: 93.348144
Oxi: 16.106997
Abps: 217.660104
Abpd: 89.571669
Glc: 132.609046
++++++++++++++++++++
++++++++++++++++++++
Trm: 48.202524
Ecg: 93.348144
Oxi: 16.106997
Abps: 217.660104
Abpd: 89.571669
Glc: 197.647422
++++++++++++++++++++
++++++++++++++++++++
Trm: 48.202524
Ecg: 93.348144
Oxi: 0.259347
Abps: 217.660104
Abpd: 89.571669
Glc: 197.647422
++++++++++++++++++++
============ EMERGENCY ============(72.0719%)
Term: high risk
Ecg: low risk
Oxi: high risk
Abps: high risk
Abpd: moderate risk
Glc: high risk
Patient_Status: 72.071914

*****************************************
PatientStatusInfo#
| THERM_RISK: 93.2095
| ECG_RISK: 7.82715
| OXIM_RISK: 66.1603
| ABPS_RISK: 82.5028
| ABPD_RISK: 63.1153
| GLC_RISK: 99.0002
| PATIENT_STATE:CRITICAL RISK
Seconds Since Epoch: 1700081793279
*****************************************
++++++++++++++++++++
Trm: 48.202524
Ecg: 84.721160
Oxi: 0.259347
Abps: 217.660104
Abpd: 89.571669
Glc: 197.647422
++++++++++++++++++++
============ EMERGENCY ============(85.2875%)
Term: high risk
Ecg: moderate risk
Oxi: high risk
Abps: high risk
Abpd: moderate risk
Glc: high risk
Patient_Status: 85.287515

*****************************************
PatientStatusInfo#
| THERM_RISK: 93.2095
| ECG_RISK: 21.8179
| OXIM_RISK: 66.1603
| ABPS_RISK: 82.5028
| ABPD_RISK: 63.1153
| GLC_RISK: 99.0002
| PATIENT_STATE:VERY CRITICAL RISK
Seconds Since Epoch: 1700081793780
*****************************************
============ EMERGENCY ============(85.8595%)
Term: high risk
Ecg: moderate risk
Oxi: high risk
Abps: high risk
Abpd: moderate risk
Glc: high risk
Patient_Status: 85.859461

*****************************************
PatientStatusInfo#
| THERM_RISK: 93.2095
| ECG_RISK: 21.8179
| OXIM_RISK: 66.1603
| ABPS_RISK: 82.5028
| ABPD_RISK: 63.1153
| GLC_RISK: 99.0002
| PATIENT_STATE:VERY CRITICAL RISK
Seconds Since Epoch: 1700081794279
*****************************************
++++++++++++++++++++
Trm: 48.202524
Ecg: 84.721160
Oxi: 0.259347
Abps: 217.660104
Abpd: 84.853756
Glc: 197.647422
++++++++++++++++++++
++++++++++++++++++++
Trm: 48.202524
Ecg: 84.721160
Oxi: 0.259347
Abps: 268.044876
Abpd: 84.853756
Glc: 197.647422
++++++++++++++++++++
============ EMERGENCY ============(85.8595%)
Term: high risk
Ecg: moderate risk
Oxi: high risk
Abps: high risk
Abpd: moderate risk
Glc: high risk
Patient_Status: 85.859461

*****************************************
PatientStatusInfo#
| THERM_RISK: 93.2095
| ECG_RISK: 21.8179
| OXIM_RISK: 66.1603
| ABPS_RISK: 93.2095
| ABPD_RISK: 42.3565
| GLC_RISK: 99.0002
| PATIENT_STATE:VERY CRITICAL RISK
Seconds Since Epoch: 1700081794779
*****************************************
++++++++++++++++++++
Trm: 48.202524
Ecg: 84.721160
Oxi: 0.259347
Abps: 268.044876
Abpd: 84.853756
Glc: 196.573356
++++++++++++++++++++
++++++++++++++++++++
Trm: 48.202524
Ecg: 84.721160
Oxi: 6.412300
Abps: 268.044876
Abpd: 84.853756
Glc: 196.573356
++++++++++++++++++++
============ EMERGENCY ============(85.1669%)
Term: high risk
Ecg: moderate risk
Oxi: high risk
Abps: high risk
Abpd: moderate risk
Glc: high risk
Patient_Status: 85.166941

*****************************************
PatientStatusInfo#
| THERM_RISK: 93.2095
| ECG_RISK: 21.8179
| OXIM_RISK: 69.964
| ABPS_RISK: 93.2095
| ABPD_RISK: 42.3565
| GLC_RISK: 98.5437
| PATIENT_STATE:VERY CRITICAL RISK
Seconds Since Epoch: 1700081795280
*****************************************
++++++++++++++++++++
Trm: 48.202524
Ecg: 92.008921
Oxi: 6.412300
Abps: 268.044876
Abpd: 84.853756
Glc: 196.573356
++++++++++++++++++++
============ EMERGENCY ============(85.4539%)
Term: high risk
Ecg: low risk
Oxi: high risk
Abps: high risk
Abpd: moderate risk
Glc: high risk
Patient_Status: 85.453851

*****************************************
PatientStatusInfo#
| THERM_RISK: 93.2095
| ECG_RISK: 3.36307
| OXIM_RISK: 69.964
| ABPS_RISK: 93.2095
| ABPD_RISK: 42.3565
| GLC_RISK: 98.5437
| PATIENT_STATE:VERY CRITICAL RISK
Seconds Since Epoch: 1700081795779
*****************************************
============ EMERGENCY ============(84.7347%)
Term: high risk
Ecg: low risk
Oxi: high risk
Abps: high risk
Abpd: moderate risk
Glc: high risk
Patient_Status: 84.734735

*****************************************
PatientStatusInfo#
| THERM_RISK: 93.2095
| ECG_RISK: 3.36307
| OXIM_RISK: 69.964
| ABPS_RISK: 93.2095
| ABPD_RISK: 42.3565
| GLC_RISK: 98.5437
| PATIENT_STATE:VERY CRITICAL RISK
Seconds Since Epoch: 1700081796280
*****************************************
++++++++++++++++++++
Trm: 48.202524
Ecg: 92.008921
Oxi: 6.412300
Abps: 268.044876
Abpd: 88.002805
Glc: 196.573356
++++++++++++++++++++
++++++++++++++++++++
Trm: 48.202524
Ecg: 92.008921
Oxi: 6.412300
Abps: 162.701815
Abpd: 88.002805
Glc: 196.573356
++++++++++++++++++++
++++++++++++++++++++
Trm: 46.729350
Ecg: 92.008921
Oxi: 6.412300
Abps: 162.701815
Abpd: 88.002805
Glc: 196.573356
++++++++++++++++++++
++++++++++++++++++++
Trm: 46.729350
Ecg: 92.008921
Oxi: 6.412300
Abps: 162.701815
Abpd: 88.002805
Glc: 158.830052
++++++++++++++++++++
============ EMERGENCY ============(84.7347%)
Term: high risk
Ecg: low risk
Oxi: high risk
Abps: high risk
Abpd: moderate risk
Glc: high risk
Patient_Status: 84.734735

*****************************************
PatientStatusInfo#
| THERM_RISK: 87.6442
| ECG_RISK: 3.36307
| OXIM_RISK: 69.964
| ABPS_RISK: 70.8241
| ABPD_RISK: 56.2123
| GLC_RISK: 82.5028
| PATIENT_STATE:VERY CRITICAL RISK
Seconds Since Epoch: 1700081796780
*****************************************
++++++++++++++++++++
Trm: 46.729350
Ecg: 92.008921
Oxi: 44.605282
Abps: 162.701815
Abpd: 88.002805
Glc: 158.830052
++++++++++++++++++++
++++++++++++++++++++
Trm: 46.729350
Ecg: 97.812471
Oxi: 44.605282
Abps: 162.701815
Abpd: 88.002805
Glc: 158.830052
++++++++++++++++++++
============ EMERGENCY ============(77.1826%)
Term: high risk
Ecg: moderate risk
Oxi: high risk
Abps: high risk
Abpd: moderate risk
Glc: high risk
Patient_Status: 77.182614

*****************************************
PatientStatusInfo#
| THERM_RISK: 87.6442
| ECG_RISK: 22.986
| OXIM_RISK: 93.5742
| ABPS_RISK: 70.8241
| ABPD_RISK: 56.2123
| GLC_RISK: 82.5028
| PATIENT_STATE:CRITICAL RISK
Seconds Since Epoch: 1700081797280
*****************************************
============ EMERGENCY ============(83.9667%)
Term: high risk
Ecg: moderate risk
Oxi: high risk
Abps: high risk
Abpd: moderate risk
Glc: high risk
Patient_Status: 83.966724

*****************************************
PatientStatusInfo#
| THERM_RISK: 87.6442
| ECG_RISK: 22.986
| OXIM_RISK: 93.5742
| ABPS_RISK: 70.8241
| ABPD_RISK: 56.2123
| GLC_RISK: 82.5028
| PATIENT_STATE:VERY CRITICAL RISK
Seconds Since Epoch: 1700081797780
*****************************************
++++++++++++++++++++
Trm: 46.729350
Ecg: 97.812471
Oxi: 44.605282
Abps: 162.701815
Abpd: 81.418863
Glc: 158.830052
++++++++++++++++++++
++++++++++++++++++++
Trm: 46.729350
Ecg: 97.812471
Oxi: 44.605282
Abps: 207.481806
Abpd: 81.418863
Glc: 158.830052
++++++++++++++++++++
============ EMERGENCY ============(83.9667%)
Term: high risk
Ecg: moderate risk
Oxi: high risk
Abps: high risk
Abpd: moderate risk
Glc: high risk
Patient_Status: 83.966724

*****************************************
PatientStatusInfo#
| THERM_RISK: 87.6442
| ECG_RISK: 22.986
| OXIM_RISK: 93.5742
| ABPS_RISK: 80.3399
| ABPD_RISK: 27.243
| GLC_RISK: 82.5028
| PATIENT_STATE:VERY CRITICAL RISK
Seconds Since Epoch: 1700081798280
*****************************************
++++++++++++++++++++
Trm: 46.729350
Ecg: 97.812471
Oxi: 44.605282
Abps: 207.481806
Abpd: 81.418863
Glc: 175.506784
++++++++++++++++++++
++++++++++++++++++++
Trm: 46.729350
Ecg: 97.812471
Oxi: 52.713579
Abps: 207.481806
Abpd: 81.418863
Glc: 175.506784
++++++++++++++++++++
============ EMERGENCY ============(83.5201%)
Term: high risk
Ecg: moderate risk
Oxi: high risk
Abps: high risk
Abpd: moderate risk
Glc: high risk
Patient_Status: 83.520120

*****************************************
PatientStatusInfo#
| THERM_RISK: 87.6442
| ECG_RISK: 22.986
| OXIM_RISK: 98.5866
| ABPS_RISK: 80.3399
| ABPD_RISK: 27.243
| GLC_RISK: 89.5904
| PATIENT_STATE:VERY CRITICAL RISK
Seconds Since Epoch: 1700081798780
*****************************************
++++++++++++++++++++
Trm: 46.729350
Ecg: 91.421516
Oxi: 52.713579
Abps: 207.481806
Abpd: 81.418863
Glc: 175.506784
++++++++++++++++++++
============ EMERGENCY ============(87.2825%)
Term: high risk
Ecg: low risk
Oxi: high risk
Abps: high risk
Abpd: moderate risk
Glc: high risk
Patient_Status: 87.282464

*****************************************
PatientStatusInfo#
| THERM_RISK: 87.6442
| ECG_RISK: 1.40505
| OXIM_RISK: 98.5866
| ABPS_RISK: 80.3399
| ABPD_RISK: 27.243
| GLC_RISK: 89.5904
| PATIENT_STATE:VERY CRITICAL RISK
Seconds Since Epoch: 1700081799280
*****************************************
============ EMERGENCY ============(85.9824%)
Term: high risk
Ecg: low risk
Oxi: high risk
Abps: high risk
Abpd: moderate risk
Glc: high risk
Patient_Status: 85.982429

*****************************************
PatientStatusInfo#
| THERM_RISK: 87.6442
| ECG_RISK: 1.40505
| OXIM_RISK: 98.5866
| ABPS_RISK: 80.3399
| ABPD_RISK: 27.243
| GLC_RISK: 89.5904
| PATIENT_STATE:VERY CRITICAL RISK
Seconds Since Epoch: 1700081799780
*****************************************
++++++++++++++++++++
Trm: 46.729350
Ecg: 91.421516
Oxi: 52.713579
Abps: 207.481806
Abpd: 84.217613
Glc: 175.506784
++++++++++++++++++++
++++++++++++++++++++
Trm: 46.729350
Ecg: 91.421516
Oxi: 52.713579
Abps: 286.517684
Abpd: 84.217613
Glc: 175.506784
++++++++++++++++++++
++++++++++++++++++++
Trm: 48.129866
Ecg: 91.421516
Oxi: 52.713579
Abps: 286.517684
Abpd: 84.217613
Glc: 175.506784
++++++++++++++++++++
============ EMERGENCY ============(85.9824%)
Term: high risk
Ecg: low risk
Oxi: high risk
Abps: high risk
Abpd: moderate risk
Glc: high risk
Patient_Status: 85.982429

*****************************************
PatientStatusInfo#
| THERM_RISK: 92.935
| ECG_RISK: 1.40505
| OXIM_RISK: 98.5866
| ABPS_RISK: 97.135
| ABPD_RISK: 39.5575
| GLC_RISK: 89.5904
| PATIENT_STATE:VERY CRITICAL RISK
Seconds Since Epoch: 1700081800280
*****************************************
++++++++++++++++++++
Trm: 48.129866
Ecg: 91.421516
Oxi: 52.713579
Abps: 286.517684
Abpd: 84.217613
Glc: 121.791341
++++++++++++++++++++
++++++++++++++++++++
Trm: 48.129866
Ecg: 91.421516
Oxi: 36.238490
Abps: 286.517684
Abpd: 84.217613
Glc: 121.791341
++++++++++++++++++++
============ EMERGENCY ============(88.8874%)
Term: high risk
Ecg: low risk
Oxi: high risk
Abps: high risk
Abpd: moderate risk
Glc: high risk
Patient_Status: 88.887417

*****************************************
PatientStatusInfo#
| THERM_RISK: 92.935
| ECG_RISK: 1.40505
| OXIM_RISK: 88.402
| ABPS_RISK: 97.135
| ABPD_RISK: 39.5575
| GLC_RISK: 66.7613
| PATIENT_STATE:VERY CRITICAL RISK
Seconds Since Epoch: 1700081800780
*****************************************
++++++++++++++++++++
Trm: 48.129866
Ecg: 98.141236
Oxi: 36.238490
Abps: 286.517684
Abpd: 84.217613
Glc: 121.791341
++++++++++++++++++++
============ EMERGENCY ============(80.8672%)
Term: high risk
Ecg: moderate risk
Oxi: high risk
Abps: high risk
Abpd: moderate risk
Glc: high risk
Patient_Status: 80.867192

*****************************************
PatientStatusInfo#
| THERM_RISK: 92.935
| ECG_RISK: 23.7897
| OXIM_RISK: 88.402
| ABPS_RISK: 97.135
| ABPD_RISK: 39.5575
| GLC_RISK: 66.7613
| PATIENT_STATE:VERY CRITICAL RISK
Seconds Since Epoch: 1700081801280
*****************************************
++++++++++++++++++++
Trm: 48.129866
Ecg: 98.141236
Oxi: 36.238490
Abps: 286.517684
Abpd: 95.992451
Glc: 121.791341
++++++++++++++++++++
============ EMERGENCY ============(81.5777%)
Term: high risk
Ecg: moderate risk
Oxi: high risk
Abps: high risk
Abpd: high risk
Glc: high risk
Patient_Status: 81.577737

*****************************************
PatientStatusInfo#
| THERM_RISK: 92.935
| ECG_RISK: 23.7897
| OXIM_RISK: 88.402
| ABPS_RISK: 97.135
| ABPD_RISK: 66.9702
| GLC_RISK: 66.7613
| PATIENT_STATE:VERY CRITICAL RISK
Seconds Since Epoch: 1700081801780
*****************************************
++++++++++++++++++++
Trm: 48.129866
Ecg: 98.141236
Oxi: 36.238490
Abps: 257.860344
Abpd: 95.992451
Glc: 121.791341
++++++++++++++++++++
++++++++++++++++++++
Trm: 49.635432
Ecg: 98.141236
Oxi: 36.238490
Abps: 257.860344
Abpd: 95.992451
Glc: 121.791341
++++++++++++++++++++
++++++++++++++++++++
Trm: 49.635432
Ecg: 98.141236
Oxi: 20.370104
Abps: 257.860344
Abpd: 95.992451
Glc: 121.791341
++++++++++++++++++++
============ EMERGENCY ============(84.2043%)
Term: high risk
Ecg: moderate risk
Oxi: high risk
Abps: high risk
Abpd: high risk
Glc: high risk
Patient_Status: 84.204279

*****************************************
PatientStatusInfo#
| THERM_RISK: 98.6227
| ECG_RISK: 23.7897
| OXIM_RISK: 78.5924
| ABPS_RISK: 91.0453
| ABPD_RISK: 66.9702
| GLC_RISK: 66.7613
| PATIENT_STATE:VERY CRITICAL RISK
Seconds Since Epoch: 1700081802280
*****************************************
++++++++++++++++++++
Trm: 49.635432
Ecg: 95.705130
Oxi: 20.370104
Abps: 257.860344
Abpd: 95.992451
Glc: 121.791341
++++++++++++++++++++
============ EMERGENCY ============(83.0408%)
Term: high risk
Ecg: low risk
Oxi: high risk
Abps: high risk
Abpd: high risk
Glc: high risk
Patient_Status: 83.040840

*****************************************
PatientStatusInfo#
| THERM_RISK: 98.6227
| ECG_RISK: 15.6838
| OXIM_RISK: 78.5924
| ABPS_RISK: 91.0453
| ABPD_RISK: 66.9702
| GLC_RISK: 66.7613
| PATIENT_STATE:VERY CRITICAL RISK
Seconds Since Epoch: 1700081802780
*****************************************
============ EMERGENCY ============(82.7549%)
Term: high risk
Ecg: low risk
Oxi: high risk
Abps: high risk
Abpd: high risk
Glc: high risk
Patient_Status: 82.754940

*****************************************
PatientStatusInfo#
| THERM_RISK: 98.6227
| ECG_RISK: 15.6838
| OXIM_RISK: 78.5924
| ABPS_RISK: 91.0453
| ABPD_RISK: 66.9702
| GLC_RISK: 66.7613
| PATIENT_STATE:VERY CRITICAL RISK
Seconds Since Epoch: 1700081803280
*****************************************
++++++++++++++++++++
Trm: 49.635432
Ecg: 95.705130
Oxi: 20.370104
Abps: 257.860344
Abpd: 83.038390
Glc: 121.791341
++++++++++++++++++++
++++++++++++++++++++
Trm: 49.635432
Ecg: 95.705130
Oxi: 20.370104
Abps: 234.000795
Abpd: 83.038390
Glc: 121.791341
++++++++++++++++++++
============ EMERGENCY ============(82.7549%)
Term: high risk
Ecg: low risk
Oxi: high risk
Abps: high risk
Abpd: moderate risk
Glc: high risk
Patient_Status: 82.754940

*****************************************
PatientStatusInfo#
| THERM_RISK: 98.6227
| ECG_RISK: 15.6838
| OXIM_RISK: 78.5924
| ABPS_RISK: 85.9752
| ABPD_RISK: 34.3689
| GLC_RISK: 66.7613
| PATIENT_STATE:VERY CRITICAL RISK
Seconds Since Epoch: 1700081803780
*****************************************
++++++++++++++++++++
Trm: 49.635432
Ecg: 95.705130
Oxi: 20.370104
Abps: 234.000795
Abpd: 83.038390
Glc: 32.788870
++++++++++++++++++++
++++++++++++++++++++
Trm: 49.635432
Ecg: 95.705130
Oxi: 11.332120
Abps: 234.000795
Abpd: 83.038390
Glc: 32.788870
++++++++++++++++++++
============ EMERGENCY ============(79.5762%)
Term: high risk
Ecg: low risk
Oxi: high risk
Abps: high risk
Abpd: moderate risk
Glc: high risk
Patient_Status: 79.576211

*****************************************
PatientStatusInfo#
| THERM_RISK: 98.6227
| ECG_RISK: 15.6838
| OXIM_RISK: 73.0053
| ABPS_RISK: 85.9752
| ABPD_RISK: 34.3689
| GLC_RISK: 78.248
| PATIENT_STATE:CRITICAL RISK
Seconds Since Epoch: 1700081804281
*****************************************
++++++++++++++++++++
Trm: 49.635432
Ecg: 88.819282
Oxi: 11.332120
Abps: 234.000795
Abpd: 83.038390
Glc: 32.788870
++++++++++++++++++++
============ EMERGENCY ============(80.6141%)
Term: high risk
Ecg: low risk
Oxi: high risk
Abps: high risk
Abpd: moderate risk
Glc: high risk
Patient_Status: 80.614134

*****************************************
PatientStatusInfo#
| THERM_RISK: 98.6227
| ECG_RISK: 7.26906
| OXIM_RISK: 73.0053
| ABPS_RISK: 85.9752
| ABPD_RISK: 34.3689
| GLC_RISK: 78.248
| PATIENT_STATE:VERY CRITICAL RISK
Seconds Since Epoch: 1700081804781
*****************************************
============ EMERGENCY ============(80.2425%)
Term: high risk
Ecg: low risk
Oxi: high risk
Abps: high risk
Abpd: moderate risk
Glc: high risk
Patient_Status: 80.242520

*****************************************
PatientStatusInfo#
| THERM_RISK: 98.6227
| ECG_RISK: 7.26906
| OXIM_RISK: 73.0053
| ABPS_RISK: 85.9752
| ABPD_RISK: 34.3689
| GLC_RISK: 78.248
| PATIENT_STATE:VERY CRITICAL RISK
Seconds Since Epoch: 1700081805281
*****************************************
++++++++++++++++++++
Trm: 49.635432
Ecg: 88.819282
Oxi: 11.332120
Abps: 234.000795
Abpd: 89.119593
Glc: 32.788870
++++++++++++++++++++
++++++++++++++++++++
Trm: 49.635432
Ecg: 88.819282
Oxi: 11.332120
Abps: 268.921668
Abpd: 89.119593
Glc: 32.788870
++++++++++++++++++++
++++++++++++++++++++
Trm: 41.491577
Ecg: 88.819282
Oxi: 11.332120
Abps: 268.921668
Abpd: 89.119593
Glc: 32.788870
++++++++++++++++++++
============ EMERGENCY ============(80.2425%)
Term: high risk
Ecg: low risk
Oxi: high risk
Abps: high risk
Abpd: moderate risk
Glc: high risk
Patient_Status: 80.242520

*****************************************
PatientStatusInfo#
| THERM_RISK: 67.8571
| ECG_RISK: 7.26906
| OXIM_RISK: 73.0053
| ABPS_RISK: 93.3959
| ABPD_RISK: 61.1262
| GLC_RISK: 78.248
| PATIENT_STATE:VERY CRITICAL RISK
Seconds Since Epoch: 1700081805781
*****************************************
++++++++++++++++++++
Trm: 41.491577
Ecg: 88.819282
Oxi: 11.332120
Abps: 268.921668
Abpd: 89.119593
Glc: 37.559829
++++++++++++++++++++
++++++++++++++++++++
Trm: 41.491577
Ecg: 88.819282
Oxi: 37.166599
Abps: 268.921668
Abpd: 89.119593
Glc: 37.559829
++++++++++++++++++++
============ EMERGENCY ============(74.3449%)
Term: high risk
Ecg: low risk
Oxi: high risk
Abps: high risk
Abpd: moderate risk
Glc: high risk
Patient_Status: 74.344911

*****************************************
PatientStatusInfo#
| THERM_RISK: 67.8571
| ECG_RISK: 7.26906
| OXIM_RISK: 88.9757
| ABPS_RISK: 93.3959
| ABPD_RISK: 61.1262
| GLC_RISK: 70.1334
| PATIENT_STATE:CRITICAL RISK
Seconds Since Epoch: 1700081806281
*****************************************
++++++++++++++++++++
Trm: 41.491577
Ecg: 0.000000
Oxi: 37.166599
Abps: 268.921668
Abpd: 89.119593
Glc: 37.559829
++++++++++++++++++++
============ EMERGENCY ============(77.0405%)
Term: high risk
Ecg: high risk
Oxi: high risk
Abps: high risk
Abpd: moderate risk
Glc: high risk
Patient_Status: 77.040514

*****************************************
PatientStatusInfo#
| THERM_RISK: 67.8571
| ECG_RISK: 100
| OXIM_RISK: 88.9757
| ABPS_RISK: 93.3959
| ABPD_RISK: 61.1262
| GLC_RISK: 70.1334
| PATIENT_STATE:CRITICAL RISK
Seconds Since Epoch: 1700081806781
*****************************************
++++++++++++++++++++
Trm: 41.491577
Ecg: 0.000000
Oxi: 37.166599
Abps: 268.921668
Abpd: 0.000000
Glc: 37.559829
++++++++++++++++++++
============ EMERGENCY ============(92.0754%)
Term: high risk
Ecg: high risk
Oxi: high risk
Abps: high risk
Abpd: low risk
Glc: high risk
Patient_Status: 92.075378

*****************************************
PatientStatusInfo#
| THERM_RISK: 67.8571
| ECG_RISK: 100
| OXIM_RISK: 88.9757
| ABPS_RISK: 93.3959
| ABPD_RISK: 20
| GLC_RISK: 70.1334
| PATIENT_STATE:VERY CRITICAL RISK
Seconds Since Epoch: 1700081807281
*****************************************
++++++++++++++++++++
Trm: 41.491577
Ecg: 0.000000
Oxi: 37.166599
Abps: 0.000000
Abpd: 0.000000
Glc: 37.559829
++++++++++++++++++++
++++++++++++++++++++
Trm: 0.000000
Ecg: 0.000000
Oxi: 37.166599
Abps: 0.000000
Abpd: 0.000000
Glc: 37.559829
++++++++++++++++++++
++++++++++++++++++++
Trm: 0.000000
Ecg: 0.000000
Oxi: 0.000000
Abps: 0.000000
Abpd: 0.000000
Glc: 37.559829
++++++++++++++++++++
============ EMERGENCY ============(88.8614%)
Term: high risk
Ecg: high risk
Oxi: high risk
Abps: low risk
Abpd: low risk
Glc: high risk
Patient_Status: 88.861447

*****************************************
PatientStatusInfo#
| THERM_RISK: 100
| ECG_RISK: 100
| OXIM_RISK: 66
| ABPS_RISK: 20
| ABPD_RISK: 20
| GLC_RISK: 70.1334
| PATIENT_STATE:VERY CRITICAL RISK
Seconds Since Epoch: 1700081807781
*****************************************
++++++++++++++++++++
Trm: 0.000000
Ecg: 0.000000
Oxi: 0.000000
Abps: 0.000000
Abpd: 0.000000
Glc: 37.559829
++++++++++++++++++++
============ EMERGENCY ============(88.048%)
Term: high risk
Ecg: high risk
Oxi: high risk
Abps: low risk
Abpd: low risk
Glc: high risk
Patient_Status: 88.047964

*****************************************
PatientStatusInfo#
| THERM_RISK: 100
| ECG_RISK: 100
| OXIM_RISK: 66
| ABPS_RISK: 20
| ABPD_RISK: 20
| GLC_RISK: 70.1334
| PATIENT_STATE:VERY CRITICAL RISK
Seconds Since Epoch: 1700081808281
*****************************************
============ EMERGENCY ============(88.048%)
Term: high risk
Ecg: high risk
Oxi: high risk
Abps: low risk
Abpd: low risk
Glc: high risk
Patient_Status: 88.047964

*****************************************
PatientStatusInfo#
| THERM_RISK: 100
| ECG_RISK: 100
| OXIM_RISK: 66
| ABPS_RISK: 20
| ABPD_RISK: 20
| GLC_RISK: 70.1334
| PATIENT_STATE:VERY CRITICAL RISK
Seconds Since Epoch: 1700081808781
*****************************************
++++++++++++++++++++
Trm: 0.000000
Ecg: 0.000000
Oxi: 0.000000
Abps: 0.000000
Abpd: 0.000000
Glc: 37.559829
++++++++++++++++++++
++++++++++++++++++++
Trm: 0.000000
Ecg: 0.000000
Oxi: 0.000000
Abps: 0.000000
Abpd: 0.000000
Glc: 37.559829
++++++++++++++++++++
++++++++++++++++++++
Trm: 0.000000
Ecg: 0.000000
Oxi: 0.000000
Abps: 0.000000
Abpd: 0.000000
Glc: 37.559829
++++++++++++++++++++
============ EMERGENCY ============(88.048%)
Term: high risk
Ecg: high risk
Oxi: high risk
Abps: low risk
Abpd: low risk
Glc: high risk
Patient_Status: 88.047964

*****************************************
PatientStatusInfo#
| THERM_RISK: 100
| ECG_RISK: 100
| OXIM_RISK: 66
| ABPS_RISK: 20
| ABPD_RISK: 20
| GLC_RISK: 70.1334
| PATIENT_STATE:VERY CRITICAL RISK
Seconds Since Epoch: 1700081809281
*****************************************
++++++++++++++++++++
Trm: 0.000000
Ecg: 0.000000
Oxi: 0.000000
Abps: 0.000000
Abpd: 0.000000
Glc: 37.559829
++++++++++++++++++++
============ EMERGENCY ============(88.048%)
Term: high risk
Ecg: high risk
Oxi: high risk
Abps: low risk
Abpd: low risk
Glc: high risk
Patient_Status: 88.047964

*****************************************
PatientStatusInfo#
| THERM_RISK: 100
| ECG_RISK: 100
| OXIM_RISK: 66
| ABPS_RISK: 20
| ABPD_RISK: 20
| GLC_RISK: 70.1334
| PATIENT_STATE:VERY CRITICAL RISK
Seconds Since Epoch: 1700081809781
*****************************************
++++++++++++++++++++
Trm: 0.000000
Ecg: 0.000000
Oxi: 0.000000
Abps: 0.000000
Abpd: 0.000000
Glc: 37.559829
++++++++++++++++++++
============ EMERGENCY ============(88.048%)
Term: high risk
Ecg: high risk
Oxi: high risk
Abps: low risk
Abpd: low risk
Glc: high risk
Patient_Status: 88.047964

*****************************************
PatientStatusInfo#
| THERM_RISK: 100
| ECG_RISK: 100
| OXIM_RISK: 66
| ABPS_RISK: 20
| ABPD_RISK: 20
| GLC_RISK: 70.1334
| PATIENT_STATE:VERY CRITICAL RISK
Seconds Since Epoch: 1700081810282
*****************************************
/g4t1
/g4t1
