/g4t1
[0m[ INFO] [1700102827.557289501]: Module initial frequency: 1.000000[0m
/g4t1
[0m[ INFO] [1700102828.447921888]: Succesfully connected to effector.[0m
++++++++++++++++++++
Trm: 0.000000
Ecg: 0.000000
Oxi: 94.225301
Abps: 0.000000
Abpd: 0.000000
Glc: 0.000000
++++++++++++++++++++
General risk status: 0%
Term: unknown
Ecg: unknown
Oxi: low risk
Abps: unknown
Abpd: unknown
Glc: unknown
Patient_Status: 0.000000

*****************************************
PatientStatusInfo#
| THERM_RISK: 0
| ECG_RISK: 0
| OXIM_RISK: 13.4003
| ABPS_RISK: 0
| ABPD_RISK: 0
| GLC_RISK: 0
| PATIENT_STATE:VERY LOW RISK
Seconds Since Epoch: 1700102835719
*****************************************
General risk status: 13.4003%
Term: unknown
Ecg: unknown
Oxi: low risk
Abps: unknown
Abpd: unknown
Glc: unknown
Patient_Status: 13.400344

*****************************************
PatientStatusInfo#
| THERM_RISK: 0
| ECG_RISK: 0
| OXIM_RISK: 13.4003
| ABPS_RISK: 0
| ABPD_RISK: 0
| GLC_RISK: 0
| PATIENT_STATE:VERY LOW RISK
Seconds Since Epoch: 1700102835765
*****************************************
General risk status: 13.4003%
Term: unknown
Ecg: unknown
Oxi: low risk
Abps: unknown
Abpd: unknown
Glc: unknown
Patient_Status: 13.400344

*****************************************
PatientStatusInfo#
| THERM_RISK: 0
| ECG_RISK: 0
| OXIM_RISK: 13.4003
| ABPS_RISK: 0
| ABPD_RISK: 0
| GLC_RISK: 0
| PATIENT_STATE:VERY LOW RISK
Seconds Since Epoch: 1700102835865
*****************************************
General risk status: 13.4003%
Term: unknown
Ecg: unknown
Oxi: low risk
Abps: unknown
Abpd: unknown
Glc: unknown
Patient_Status: 13.400344

*****************************************
PatientStatusInfo#
| THERM_RISK: 0
| ECG_RISK: 0
| OXIM_RISK: 13.4003
| ABPS_RISK: 0
| ABPD_RISK: 0
| GLC_RISK: 0
| PATIENT_STATE:VERY LOW RISK
Seconds Since Epoch: 1700102835966
*****************************************
General risk status: 13.4003%
Term: unknown
Ecg: unknown
Oxi: low risk
Abps: unknown
Abpd: unknown
Glc: unknown
Patient_Status: 13.400344

*****************************************
PatientStatusInfo#
| THERM_RISK: 0
| ECG_RISK: 0
| OXIM_RISK: 13.4003
| ABPS_RISK: 0
| ABPD_RISK: 0
| GLC_RISK: 0
| PATIENT_STATE:VERY LOW RISK
Seconds Since Epoch: 1700102836066
*****************************************
General risk status: 13.4003%
Term: unknown
Ecg: unknown
Oxi: low risk
Abps: unknown
Abpd: unknown
Glc: unknown
Patient_Status: 13.400344

*****************************************
PatientStatusInfo#
| THERM_RISK: 0
| ECG_RISK: 0
| OXIM_RISK: 13.4003
| ABPS_RISK: 0
| ABPD_RISK: 0
| GLC_RISK: 0
| PATIENT_STATE:VERY LOW RISK
Seconds Since Epoch: 1700102836166
*****************************************
General risk status: 13.4003%
Term: unknown
Ecg: unknown
Oxi: low risk
Abps: unknown
Abpd: unknown
Glc: unknown
Patient_Status: 13.400344

*****************************************
PatientStatusInfo#
| THERM_RISK: 0
| ECG_RISK: 0
| OXIM_RISK: 13.4003
| ABPS_RISK: 0
| ABPD_RISK: 0
| GLC_RISK: 0
| PATIENT_STATE:VERY LOW RISK
Seconds Since Epoch: 1700102836266
*****************************************
General risk status: 13.4003%
Term: unknown
Ecg: unknown
Oxi: low risk
Abps: unknown
Abpd: unknown
Glc: unknown
Patient_Status: 13.400344

*****************************************
PatientStatusInfo#
| THERM_RISK: 0
| ECG_RISK: 0
| OXIM_RISK: 13.4003
| ABPS_RISK: 0
| ABPD_RISK: 0
| GLC_RISK: 0
| PATIENT_STATE:VERY LOW RISK
Seconds Since Epoch: 1700102836366
*****************************************
General risk status: 13.4003%
Term: unknown
Ecg: unknown
Oxi: low risk
Abps: unknown
Abpd: unknown
Glc: unknown
Patient_Status: 13.400344

*****************************************
PatientStatusInfo#
| THERM_RISK: 0
| ECG_RISK: 0
| OXIM_RISK: 13.4003
| ABPS_RISK: 0
| ABPD_RISK: 0
| GLC_RISK: 0
| PATIENT_STATE:VERY LOW RISK
Seconds Since Epoch: 1700102836466
*****************************************
General risk status: 13.4003%
Term: unknown
Ecg: unknown
Oxi: low risk
Abps: unknown
Abpd: unknown
Glc: unknown
Patient_Status: 13.400344

*****************************************
PatientStatusInfo#
| THERM_RISK: 0
| ECG_RISK: 0
| OXIM_RISK: 13.4003
| ABPS_RISK: 0
| ABPD_RISK: 0
| GLC_RISK: 0
| PATIENT_STATE:VERY LOW RISK
Seconds Since Epoch: 1700102836566
*****************************************
++++++++++++++++++++
Trm: 0.000000
Ecg: 0.000000
Oxi: 98.910372
Abps: 0.000000
Abpd: 0.000000
Glc: 0.000000
++++++++++++++++++++
General risk status: 13.4003%
Term: unknown
Ecg: unknown
Oxi: low risk
Abps: unknown
Abpd: unknown
Glc: unknown
Patient_Status: 13.400344

*****************************************
PatientStatusInfo#
| THERM_RISK: 0
| ECG_RISK: 0
| OXIM_RISK: 18.7547
| ABPS_RISK: 0
| ABPD_RISK: 0
| GLC_RISK: 0
| PATIENT_STATE:VERY LOW RISK
Seconds Since Epoch: 1700102836666
*****************************************
General risk status: 18.7547%
Term: unknown
Ecg: unknown
Oxi: low risk
Abps: unknown
Abpd: unknown
Glc: unknown
Patient_Status: 18.754711

*****************************************
PatientStatusInfo#
| THERM_RISK: 0
| ECG_RISK: 0
| OXIM_RISK: 18.7547
| ABPS_RISK: 0
| ABPD_RISK: 0
| GLC_RISK: 0
| PATIENT_STATE:VERY LOW RISK
Seconds Since Epoch: 1700102836766
*****************************************
General risk status: 18.7547%
Term: unknown
Ecg: unknown
Oxi: low risk
Abps: unknown
Abpd: unknown
Glc: unknown
Patient_Status: 18.754711

*****************************************
PatientStatusInfo#
| THERM_RISK: 0
| ECG_RISK: 0
| OXIM_RISK: 18.7547
| ABPS_RISK: 0
| ABPD_RISK: 0
| GLC_RISK: 0
| PATIENT_STATE:VERY LOW RISK
Seconds Since Epoch: 1700102836866
*****************************************
General risk status: 18.7547%
Term: unknown
Ecg: unknown
Oxi: low risk
Abps: unknown
Abpd: unknown
Glc: unknown
Patient_Status: 18.754711

*****************************************
PatientStatusInfo#
| THERM_RISK: 0
| ECG_RISK: 0
| OXIM_RISK: 18.7547
| ABPS_RISK: 0
| ABPD_RISK: 0
| GLC_RISK: 0
| PATIENT_STATE:VERY LOW RISK
Seconds Since Epoch: 1700102836966
*****************************************
General risk status: 18.7547%
Term: unknown
Ecg: unknown
Oxi: low risk
Abps: unknown
Abpd: unknown
Glc: unknown
Patient_Status: 18.754711

*****************************************
PatientStatusInfo#
| THERM_RISK: 0
| ECG_RISK: 0
| OXIM_RISK: 18.7547
| ABPS_RISK: 0
| ABPD_RISK: 0
| GLC_RISK: 0
| PATIENT_STATE:VERY LOW RISK
Seconds Since Epoch: 1700102837066
*****************************************
General risk status: 18.7547%
Term: unknown
Ecg: unknown
Oxi: low risk
Abps: unknown
Abpd: unknown
Glc: unknown
Patient_Status: 18.754711

*****************************************
PatientStatusInfo#
| THERM_RISK: 0
| ECG_RISK: 0
| OXIM_RISK: 18.7547
| ABPS_RISK: 0
| ABPD_RISK: 0
| GLC_RISK: 0
| PATIENT_STATE:VERY LOW RISK
Seconds Since Epoch: 1700102837166
*****************************************
General risk status: 18.7547%
Term: unknown
Ecg: unknown
Oxi: low risk
Abps: unknown
Abpd: unknown
Glc: unknown
Patient_Status: 18.754711

*****************************************
PatientStatusInfo#
| THERM_RISK: 0
| ECG_RISK: 0
| OXIM_RISK: 18.7547
| ABPS_RISK: 0
| ABPD_RISK: 0
| GLC_RISK: 0
| PATIENT_STATE:VERY LOW RISK
Seconds Since Epoch: 1700102837267
*****************************************
General risk status: 18.7547%
Term: unknown
Ecg: unknown
Oxi: low risk
Abps: unknown
Abpd: unknown
Glc: unknown
Patient_Status: 18.754711

*****************************************
PatientStatusInfo#
| THERM_RISK: 0
| ECG_RISK: 0
| OXIM_RISK: 18.7547
| ABPS_RISK: 0
| ABPD_RISK: 0
| GLC_RISK: 0
| PATIENT_STATE:VERY LOW RISK
Seconds Since Epoch: 1700102837367
*****************************************
General risk status: 18.7547%
Term: unknown
Ecg: unknown
Oxi: low risk
Abps: unknown
Abpd: unknown
Glc: unknown
Patient_Status: 18.754711

*****************************************
PatientStatusInfo#
| THERM_RISK: 0
| ECG_RISK: 0
| OXIM_RISK: 18.7547
| ABPS_RISK: 0
| ABPD_RISK: 0
| GLC_RISK: 0
| PATIENT_STATE:VERY LOW RISK
Seconds Since Epoch: 1700102837467
*****************************************
General risk status: 18.7547%
Term: unknown
Ecg: unknown
Oxi: low risk
Abps: unknown
Abpd: unknown
Glc: unknown
Patient_Status: 18.754711

*****************************************
PatientStatusInfo#
| THERM_RISK: 0
| ECG_RISK: 0
| OXIM_RISK: 18.7547
| ABPS_RISK: 0
| ABPD_RISK: 0
| GLC_RISK: 0
| PATIENT_STATE:VERY LOW RISK
Seconds Since Epoch: 1700102837567
*****************************************
++++++++++++++++++++
Trm: 0.000000
Ecg: 0.000000
Oxi: 72.736192
Abps: 0.000000
Abpd: 0.000000
Glc: 0.000000
++++++++++++++++++++
General risk status: 18.7547%
Term: unknown
Ecg: unknown
Oxi: low risk
Abps: unknown
Abpd: unknown
Glc: unknown
Patient_Status: 18.754711

*****************************************
PatientStatusInfo#
| THERM_RISK: 0
| ECG_RISK: 0
| OXIM_RISK: 11.1586
| ABPS_RISK: 0
| ABPD_RISK: 0
| GLC_RISK: 0
| PATIENT_STATE:VERY LOW RISK
Seconds Since Epoch: 1700102837667
*****************************************
General risk status: 11.1586%
Term: unknown
Ecg: unknown
Oxi: low risk
Abps: unknown
Abpd: unknown
Glc: unknown
Patient_Status: 11.158638

*****************************************
PatientStatusInfo#
| THERM_RISK: 0
| ECG_RISK: 0
| OXIM_RISK: 11.1586
| ABPS_RISK: 0
| ABPD_RISK: 0
| GLC_RISK: 0
| PATIENT_STATE:VERY LOW RISK
Seconds Since Epoch: 1700102837767
*****************************************
General risk status: 11.1586%
Term: unknown
Ecg: unknown
Oxi: low risk
Abps: unknown
Abpd: unknown
Glc: unknown
Patient_Status: 11.158638

*****************************************
PatientStatusInfo#
| THERM_RISK: 0
| ECG_RISK: 0
| OXIM_RISK: 11.1586
| ABPS_RISK: 0
| ABPD_RISK: 0
| GLC_RISK: 0
| PATIENT_STATE:VERY LOW RISK
Seconds Since Epoch: 1700102837867
*****************************************
General risk status: 11.1586%
Term: unknown
Ecg: unknown
Oxi: low risk
Abps: unknown
Abpd: unknown
Glc: unknown
Patient_Status: 11.158638

*****************************************
PatientStatusInfo#
| THERM_RISK: 0
| ECG_RISK: 0
| OXIM_RISK: 11.1586
| ABPS_RISK: 0
| ABPD_RISK: 0
| GLC_RISK: 0
| PATIENT_STATE:VERY LOW RISK
Seconds Since Epoch: 1700102837967
*****************************************
General risk status: 11.1586%
Term: unknown
Ecg: unknown
Oxi: low risk
Abps: unknown
Abpd: unknown
Glc: unknown
Patient_Status: 11.158638

*****************************************
PatientStatusInfo#
| THERM_RISK: 0
| ECG_RISK: 0
| OXIM_RISK: 11.1586
| ABPS_RISK: 0
| ABPD_RISK: 0
| GLC_RISK: 0
| PATIENT_STATE:VERY LOW RISK
Seconds Since Epoch: 1700102838067
*****************************************
General risk status: 11.1586%
Term: unknown
Ecg: unknown
Oxi: low risk
Abps: unknown
Abpd: unknown
Glc: unknown
Patient_Status: 11.158638

*****************************************
PatientStatusInfo#
| THERM_RISK: 0
| ECG_RISK: 0
| OXIM_RISK: 11.1586
| ABPS_RISK: 0
| ABPD_RISK: 0
| GLC_RISK: 0
| PATIENT_STATE:VERY LOW RISK
Seconds Since Epoch: 1700102838167
*****************************************
General risk status: 11.1586%
Term: unknown
Ecg: unknown
Oxi: low risk
Abps: unknown
Abpd: unknown
Glc: unknown
Patient_Status: 11.158638

*****************************************
PatientStatusInfo#
| THERM_RISK: 0
| ECG_RISK: 0
| OXIM_RISK: 11.1586
| ABPS_RISK: 0
| ABPD_RISK: 0
| GLC_RISK: 0
| PATIENT_STATE:VERY LOW RISK
Seconds Since Epoch: 1700102838267
*****************************************
General risk status: 11.1586%
Term: unknown
Ecg: unknown
Oxi: low risk
Abps: unknown
Abpd: unknown
Glc: unknown
Patient_Status: 11.158638

*****************************************
PatientStatusInfo#
| THERM_RISK: 0
| ECG_RISK: 0
| OXIM_RISK: 11.1586
| ABPS_RISK: 0
| ABPD_RISK: 0
| GLC_RISK: 0
| PATIENT_STATE:VERY LOW RISK
Seconds Since Epoch: 1700102838368
*****************************************
General risk status: 11.1586%
Term: unknown
Ecg: unknown
Oxi: low risk
Abps: unknown
Abpd: unknown
Glc: unknown
Patient_Status: 11.158638

*****************************************
PatientStatusInfo#
| THERM_RISK: 0
| ECG_RISK: 0
| OXIM_RISK: 11.1586
| ABPS_RISK: 0
| ABPD_RISK: 0
| GLC_RISK: 0
| PATIENT_STATE:VERY LOW RISK
Seconds Since Epoch: 1700102838468
*****************************************
General risk status: 11.1586%
Term: unknown
Ecg: unknown
Oxi: low risk
Abps: unknown
Abpd: unknown
Glc: unknown
Patient_Status: 11.158638

*****************************************
PatientStatusInfo#
| THERM_RISK: 0
| ECG_RISK: 0
| OXIM_RISK: 11.1586
| ABPS_RISK: 0
| ABPD_RISK: 0
| GLC_RISK: 0
| PATIENT_STATE:VERY LOW RISK
Seconds Since Epoch: 1700102838568
*****************************************
++++++++++++++++++++
Trm: 0.000000
Ecg: 0.000000
Oxi: 75.785847
Abps: 0.000000
Abpd: 0.000000
Glc: 0.000000
++++++++++++++++++++
General risk status: 11.1586%
Term: unknown
Ecg: unknown
Oxi: low risk
Abps: unknown
Abpd: unknown
Glc: unknown
Patient_Status: 11.158638

*****************************************
PatientStatusInfo#
| THERM_RISK: 0
| ECG_RISK: 0
| OXIM_RISK: 7.67332
| ABPS_RISK: 0
| ABPD_RISK: 0
| GLC_RISK: 0
| PATIENT_STATE:VERY LOW RISK
Seconds Since Epoch: 1700102838668
*****************************************
General risk status: 7.67332%
Term: unknown
Ecg: unknown
Oxi: low risk
Abps: unknown
Abpd: unknown
Glc: unknown
Patient_Status: 7.673318

*****************************************
PatientStatusInfo#
| THERM_RISK: 0
| ECG_RISK: 0
| OXIM_RISK: 7.67332
| ABPS_RISK: 0
| ABPD_RISK: 0
| GLC_RISK: 0
| PATIENT_STATE:VERY LOW RISK
Seconds Since Epoch: 1700102838768
*****************************************
General risk status: 7.67332%
Term: unknown
Ecg: unknown
Oxi: low risk
Abps: unknown
Abpd: unknown
Glc: unknown
Patient_Status: 7.673318

*****************************************
PatientStatusInfo#
| THERM_RISK: 0
| ECG_RISK: 0
| OXIM_RISK: 7.67332
| ABPS_RISK: 0
| ABPD_RISK: 0
| GLC_RISK: 0
| PATIENT_STATE:VERY LOW RISK
Seconds Since Epoch: 1700102838868
*****************************************
General risk status: 7.67332%
Term: unknown
Ecg: unknown
Oxi: low risk
Abps: unknown
Abpd: unknown
Glc: unknown
Patient_Status: 7.673318

*****************************************
PatientStatusInfo#
| THERM_RISK: 0
| ECG_RISK: 0
| OXIM_RISK: 7.67332
| ABPS_RISK: 0
| ABPD_RISK: 0
| GLC_RISK: 0
| PATIENT_STATE:VERY LOW RISK
Seconds Since Epoch: 1700102838968
*****************************************
General risk status: 7.67332%
Term: unknown
Ecg: unknown
Oxi: low risk
Abps: unknown
Abpd: unknown
Glc: unknown
Patient_Status: 7.673318

*****************************************
PatientStatusInfo#
| THERM_RISK: 0
| ECG_RISK: 0
| OXIM_RISK: 7.67332
| ABPS_RISK: 0
| ABPD_RISK: 0
| GLC_RISK: 0
| PATIENT_STATE:VERY LOW RISK
Seconds Since Epoch: 1700102839068
*****************************************
General risk status: 7.67332%
Term: unknown
Ecg: unknown
Oxi: low risk
Abps: unknown
Abpd: unknown
Glc: unknown
Patient_Status: 7.673318

*****************************************
PatientStatusInfo#
| THERM_RISK: 0
| ECG_RISK: 0
| OXIM_RISK: 7.67332
| ABPS_RISK: 0
| ABPD_RISK: 0
| GLC_RISK: 0
| PATIENT_STATE:VERY LOW RISK
Seconds Since Epoch: 1700102839168
*****************************************
General risk status: 7.67332%
Term: unknown
Ecg: unknown
Oxi: low risk
Abps: unknown
Abpd: unknown
Glc: unknown
Patient_Status: 7.673318

*****************************************
PatientStatusInfo#
| THERM_RISK: 0
| ECG_RISK: 0
| OXIM_RISK: 7.67332
| ABPS_RISK: 0
| ABPD_RISK: 0
| GLC_RISK: 0
| PATIENT_STATE:VERY LOW RISK
Seconds Since Epoch: 1700102839268
*****************************************
General risk status: 7.67332%
Term: unknown
Ecg: unknown
Oxi: low risk
Abps: unknown
Abpd: unknown
Glc: unknown
Patient_Status: 7.673318

*****************************************
PatientStatusInfo#
| THERM_RISK: 0
| ECG_RISK: 0
| OXIM_RISK: 7.67332
| ABPS_RISK: 0
| ABPD_RISK: 0
| GLC_RISK: 0
| PATIENT_STATE:VERY LOW RISK
Seconds Since Epoch: 1700102839368
*****************************************
General risk status: 7.67332%
Term: unknown
Ecg: unknown
Oxi: low risk
Abps: unknown
Abpd: unknown
Glc: unknown
Patient_Status: 7.673318

*****************************************
PatientStatusInfo#
| THERM_RISK: 0
| ECG_RISK: 0
| OXIM_RISK: 7.67332
| ABPS_RISK: 0
| ABPD_RISK: 0
| GLC_RISK: 0
| PATIENT_STATE:VERY LOW RISK
Seconds Since Epoch: 1700102839468
*****************************************
General risk status: 7.67332%
Term: unknown
Ecg: unknown
Oxi: low risk
Abps: unknown
Abpd: unknown
Glc: unknown
Patient_Status: 7.673318

*****************************************
PatientStatusInfo#
| THERM_RISK: 0
| ECG_RISK: 0
| OXIM_RISK: 7.67332
| ABPS_RISK: 0
| ABPD_RISK: 0
| GLC_RISK: 0
| PATIENT_STATE:VERY LOW RISK
Seconds Since Epoch: 1700102839569
*****************************************
++++++++++++++++++++
Trm: 0.000000
Ecg: 0.000000
Oxi: 84.152721
Abps: 0.000000
Abpd: 0.000000
Glc: 0.000000
++++++++++++++++++++
General risk status: 7.67332%
Term: unknown
Ecg: unknown
Oxi: low risk
Abps: unknown
Abpd: unknown
Glc: unknown
Patient_Status: 7.673318

*****************************************
PatientStatusInfo#
| THERM_RISK: 0
| ECG_RISK: 0
| OXIM_RISK: 1.88882
| ABPS_RISK: 0
| ABPD_RISK: 0
| GLC_RISK: 0
| PATIENT_STATE:VERY LOW RISK
Seconds Since Epoch: 1700102839669
*****************************************
General risk status: 1.88882%
Term: unknown
Ecg: unknown
Oxi: low risk
Abps: unknown
Abpd: unknown
Glc: unknown
Patient_Status: 1.888824

*****************************************
PatientStatusInfo#
| THERM_RISK: 0
| ECG_RISK: 0
| OXIM_RISK: 1.88882
| ABPS_RISK: 0
| ABPD_RISK: 0
| GLC_RISK: 0
| PATIENT_STATE:VERY LOW RISK
Seconds Since Epoch: 1700102839769
*****************************************
General risk status: 1.88882%
Term: unknown
Ecg: unknown
Oxi: low risk
Abps: unknown
Abpd: unknown
Glc: unknown
Patient_Status: 1.888824

*****************************************
PatientStatusInfo#
| THERM_RISK: 0
| ECG_RISK: 0
| OXIM_RISK: 1.88882
| ABPS_RISK: 0
| ABPD_RISK: 0
| GLC_RISK: 0
| PATIENT_STATE:VERY LOW RISK
Seconds Since Epoch: 1700102839869
*****************************************
General risk status: 1.88882%
Term: unknown
Ecg: unknown
Oxi: low risk
Abps: unknown
Abpd: unknown
Glc: unknown
Patient_Status: 1.888824

*****************************************
PatientStatusInfo#
| THERM_RISK: 0
| ECG_RISK: 0
| OXIM_RISK: 1.88882
| ABPS_RISK: 0
| ABPD_RISK: 0
| GLC_RISK: 0
| PATIENT_STATE:VERY LOW RISK
Seconds Since Epoch: 1700102839969
*****************************************
General risk status: 1.88882%
Term: unknown
Ecg: unknown
Oxi: low risk
Abps: unknown
Abpd: unknown
Glc: unknown
Patient_Status: 1.888824

*****************************************
PatientStatusInfo#
| THERM_RISK: 0
| ECG_RISK: 0
| OXIM_RISK: 1.88882
| ABPS_RISK: 0
| ABPD_RISK: 0
| GLC_RISK: 0
| PATIENT_STATE:VERY LOW RISK
Seconds Since Epoch: 1700102840069
*****************************************
General risk status: 1.88882%
Term: unknown
Ecg: unknown
Oxi: low risk
Abps: unknown
Abpd: unknown
Glc: unknown
Patient_Status: 1.888824

*****************************************
PatientStatusInfo#
| THERM_RISK: 0
| ECG_RISK: 0
| OXIM_RISK: 1.88882
| ABPS_RISK: 0
| ABPD_RISK: 0
| GLC_RISK: 0
| PATIENT_STATE:VERY LOW RISK
Seconds Since Epoch: 1700102840169
*****************************************
General risk status: 1.88882%
Term: unknown
Ecg: unknown
Oxi: low risk
Abps: unknown
Abpd: unknown
Glc: unknown
Patient_Status: 1.888824

*****************************************
PatientStatusInfo#
| THERM_RISK: 0
| ECG_RISK: 0
| OXIM_RISK: 1.88882
| ABPS_RISK: 0
| ABPD_RISK: 0
| GLC_RISK: 0
| PATIENT_STATE:VERY LOW RISK
Seconds Since Epoch: 1700102840269
*****************************************
General risk status: 1.88882%
Term: unknown
Ecg: unknown
Oxi: low risk
Abps: unknown
Abpd: unknown
Glc: unknown
Patient_Status: 1.888824

*****************************************
PatientStatusInfo#
| THERM_RISK: 0
| ECG_RISK: 0
| OXIM_RISK: 1.88882
| ABPS_RISK: 0
| ABPD_RISK: 0
| GLC_RISK: 0
| PATIENT_STATE:VERY LOW RISK
Seconds Since Epoch: 1700102840370
*****************************************
General risk status: 1.88882%
Term: unknown
Ecg: unknown
Oxi: low risk
Abps: unknown
Abpd: unknown
Glc: unknown
Patient_Status: 1.888824

*****************************************
PatientStatusInfo#
| THERM_RISK: 0
| ECG_RISK: 0
| OXIM_RISK: 1.88882
| ABPS_RISK: 0
| ABPD_RISK: 0
| GLC_RISK: 0
| PATIENT_STATE:VERY LOW RISK
Seconds Since Epoch: 1700102840470
*****************************************
General risk status: 1.88882%
Term: unknown
Ecg: unknown
Oxi: low risk
Abps: unknown
Abpd: unknown
Glc: unknown
Patient_Status: 1.888824

*****************************************
PatientStatusInfo#
| THERM_RISK: 0
| ECG_RISK: 0
| OXIM_RISK: 1.88882
| ABPS_RISK: 0
| ABPD_RISK: 0
| GLC_RISK: 0
| PATIENT_STATE:VERY LOW RISK
Seconds Since Epoch: 1700102840570
*****************************************
++++++++++++++++++++
Trm: 0.000000
Ecg: 0.000000
Oxi: 71.593369
Abps: 0.000000
Abpd: 0.000000
Glc: 0.000000
++++++++++++++++++++
General risk status: 1.88882%
Term: unknown
Ecg: unknown
Oxi: low risk
Abps: unknown
Abpd: unknown
Glc: unknown
Patient_Status: 1.888824

*****************************************
PatientStatusInfo#
| THERM_RISK: 0
| ECG_RISK: 0
| OXIM_RISK: 12.4647
| ABPS_RISK: 0
| ABPD_RISK: 0
| GLC_RISK: 0
| PATIENT_STATE:VERY LOW RISK
Seconds Since Epoch: 1700102840670
*****************************************
General risk status: 12.4647%
Term: unknown
Ecg: unknown
Oxi: low risk
Abps: unknown
Abpd: unknown
Glc: unknown
Patient_Status: 12.464721

*****************************************
PatientStatusInfo#
| THERM_RISK: 0
| ECG_RISK: 0
| OXIM_RISK: 12.4647
| ABPS_RISK: 0
| ABPD_RISK: 0
| GLC_RISK: 0
| PATIENT_STATE:VERY LOW RISK
Seconds Since Epoch: 1700102840770
*****************************************
General risk status: 12.4647%
Term: unknown
Ecg: unknown
Oxi: low risk
Abps: unknown
Abpd: unknown
Glc: unknown
Patient_Status: 12.464721

*****************************************
PatientStatusInfo#
| THERM_RISK: 0
| ECG_RISK: 0
| OXIM_RISK: 12.4647
| ABPS_RISK: 0
| ABPD_RISK: 0
| GLC_RISK: 0
| PATIENT_STATE:VERY LOW RISK
Seconds Since Epoch: 1700102840870
*****************************************
General risk status: 12.4647%
Term: unknown
Ecg: unknown
Oxi: low risk
Abps: unknown
Abpd: unknown
Glc: unknown
Patient_Status: 12.464721

*****************************************
PatientStatusInfo#
| THERM_RISK: 0
| ECG_RISK: 0
| OXIM_RISK: 12.4647
| ABPS_RISK: 0
| ABPD_RISK: 0
| GLC_RISK: 0
| PATIENT_STATE:VERY LOW RISK
Seconds Since Epoch: 1700102840970
*****************************************
General risk status: 12.4647%
Term: unknown
Ecg: unknown
Oxi: low risk
Abps: unknown
Abpd: unknown
Glc: unknown
Patient_Status: 12.464721

*****************************************
PatientStatusInfo#
| THERM_RISK: 0
| ECG_RISK: 0
| OXIM_RISK: 12.4647
| ABPS_RISK: 0
| ABPD_RISK: 0
| GLC_RISK: 0
| PATIENT_STATE:VERY LOW RISK
Seconds Since Epoch: 1700102841070
*****************************************
General risk status: 12.4647%
Term: unknown
Ecg: unknown
Oxi: low risk
Abps: unknown
Abpd: unknown
Glc: unknown
Patient_Status: 12.464721

*****************************************
PatientStatusInfo#
| THERM_RISK: 0
| ECG_RISK: 0
| OXIM_RISK: 12.4647
| ABPS_RISK: 0
| ABPD_RISK: 0
| GLC_RISK: 0
| PATIENT_STATE:VERY LOW RISK
Seconds Since Epoch: 1700102841170
*****************************************
General risk status: 12.4647%
Term: unknown
Ecg: unknown
Oxi: low risk
Abps: unknown
Abpd: unknown
Glc: unknown
Patient_Status: 12.464721

*****************************************
PatientStatusInfo#
| THERM_RISK: 0
| ECG_RISK: 0
| OXIM_RISK: 12.4647
| ABPS_RISK: 0
| ABPD_RISK: 0
| GLC_RISK: 0
| PATIENT_STATE:VERY LOW RISK
Seconds Since Epoch: 1700102841270
*****************************************
General risk status: 12.4647%
Term: unknown
Ecg: unknown
Oxi: low risk
Abps: unknown
Abpd: unknown
Glc: unknown
Patient_Status: 12.464721

*****************************************
PatientStatusInfo#
| THERM_RISK: 0
| ECG_RISK: 0
| OXIM_RISK: 12.4647
| ABPS_RISK: 0
| ABPD_RISK: 0
| GLC_RISK: 0
| PATIENT_STATE:VERY LOW RISK
Seconds Since Epoch: 1700102841370
*****************************************
General risk status: 12.4647%
Term: unknown
Ecg: unknown
Oxi: low risk
Abps: unknown
Abpd: unknown
Glc: unknown
Patient_Status: 12.464721

*****************************************
PatientStatusInfo#
| THERM_RISK: 0
| ECG_RISK: 0
| OXIM_RISK: 12.4647
| ABPS_RISK: 0
| ABPD_RISK: 0
| GLC_RISK: 0
| PATIENT_STATE:VERY LOW RISK
Seconds Since Epoch: 1700102841470
*****************************************
General risk status: 12.4647%
Term: unknown
Ecg: unknown
Oxi: low risk
Abps: unknown
Abpd: unknown
Glc: unknown
Patient_Status: 12.464721

*****************************************
PatientStatusInfo#
| THERM_RISK: 0
| ECG_RISK: 0
| OXIM_RISK: 12.4647
| ABPS_RISK: 0
| ABPD_RISK: 0
| GLC_RISK: 0
| PATIENT_STATE:VERY LOW RISK
Seconds Since Epoch: 1700102841570
*****************************************
General risk status: 12.4647%
Term: unknown
Ecg: unknown
Oxi: low risk
Abps: unknown
Abpd: unknown
Glc: unknown
Patient_Status: 12.464721

*****************************************
PatientStatusInfo#
| THERM_RISK: 0
| ECG_RISK: 0
| OXIM_RISK: 12.4647
| ABPS_RISK: 0
| ABPD_RISK: 0
| GLC_RISK: 0
| PATIENT_STATE:VERY LOW RISK
Seconds Since Epoch: 1700102841671
*****************************************
++++++++++++++++++++
Trm: 0.000000
Ecg: 0.000000
Oxi: 99.750846
Abps: 0.000000
Abpd: 0.000000
Glc: 0.000000
++++++++++++++++++++
General risk status: 12.4647%
Term: unknown
Ecg: unknown
Oxi: low risk
Abps: unknown
Abpd: unknown
Glc: unknown
Patient_Status: 12.464721

*****************************************
PatientStatusInfo#
| THERM_RISK: 0
| ECG_RISK: 0
| OXIM_RISK: 19.7153
| ABPS_RISK: 0
| ABPD_RISK: 0
| GLC_RISK: 0
| PATIENT_STATE:VERY LOW RISK
Seconds Since Epoch: 1700102841771
*****************************************
General risk status: 19.7153%
Term: unknown
Ecg: unknown
Oxi: low risk
Abps: unknown
Abpd: unknown
Glc: unknown
Patient_Status: 19.715252

*****************************************
PatientStatusInfo#
| THERM_RISK: 0
| ECG_RISK: 0
| OXIM_RISK: 19.7153
| ABPS_RISK: 0
| ABPD_RISK: 0
| GLC_RISK: 0
| PATIENT_STATE:VERY LOW RISK
Seconds Since Epoch: 1700102841871
*****************************************
General risk status: 19.7153%
Term: unknown
Ecg: unknown
Oxi: low risk
Abps: unknown
Abpd: unknown
Glc: unknown
Patient_Status: 19.715252

*****************************************
PatientStatusInfo#
| THERM_RISK: 0
| ECG_RISK: 0
| OXIM_RISK: 19.7153
| ABPS_RISK: 0
| ABPD_RISK: 0
| GLC_RISK: 0
| PATIENT_STATE:VERY LOW RISK
Seconds Since Epoch: 1700102841971
*****************************************
General risk status: 19.7153%
Term: unknown
Ecg: unknown
Oxi: low risk
Abps: unknown
Abpd: unknown
Glc: unknown
Patient_Status: 19.715252

*****************************************
PatientStatusInfo#
| THERM_RISK: 0
| ECG_RISK: 0
| OXIM_RISK: 19.7153
| ABPS_RISK: 0
| ABPD_RISK: 0
| GLC_RISK: 0
| PATIENT_STATE:VERY LOW RISK
Seconds Since Epoch: 1700102842071
*****************************************
General risk status: 19.7153%
Term: unknown
Ecg: unknown
Oxi: low risk
Abps: unknown
Abpd: unknown
Glc: unknown
Patient_Status: 19.715252

*****************************************
PatientStatusInfo#
| THERM_RISK: 0
| ECG_RISK: 0
| OXIM_RISK: 19.7153
| ABPS_RISK: 0
| ABPD_RISK: 0
| GLC_RISK: 0
| PATIENT_STATE:VERY LOW RISK
Seconds Since Epoch: 1700102842171
*****************************************
General risk status: 19.7153%
Term: unknown
Ecg: unknown
Oxi: low risk
Abps: unknown
Abpd: unknown
Glc: unknown
Patient_Status: 19.715252

*****************************************
PatientStatusInfo#
| THERM_RISK: 0
| ECG_RISK: 0
| OXIM_RISK: 19.7153
| ABPS_RISK: 0
| ABPD_RISK: 0
| GLC_RISK: 0
| PATIENT_STATE:VERY LOW RISK
Seconds Since Epoch: 1700102842271
*****************************************
General risk status: 19.7153%
Term: unknown
Ecg: unknown
Oxi: low risk
Abps: unknown
Abpd: unknown
Glc: unknown
Patient_Status: 19.715252

*****************************************
PatientStatusInfo#
| THERM_RISK: 0
| ECG_RISK: 0
| OXIM_RISK: 19.7153
| ABPS_RISK: 0
| ABPD_RISK: 0
| GLC_RISK: 0
| PATIENT_STATE:VERY LOW RISK
Seconds Since Epoch: 1700102842371
*****************************************
General risk status: 19.7153%
Term: unknown
Ecg: unknown
Oxi: low risk
Abps: unknown
Abpd: unknown
Glc: unknown
Patient_Status: 19.715252

*****************************************
PatientStatusInfo#
| THERM_RISK: 0
| ECG_RISK: 0
| OXIM_RISK: 19.7153
| ABPS_RISK: 0
| ABPD_RISK: 0
| GLC_RISK: 0
| PATIENT_STATE:VERY LOW RISK
Seconds Since Epoch: 1700102842471
*****************************************
General risk status: 19.7153%
Term: unknown
Ecg: unknown
Oxi: low risk
Abps: unknown
Abpd: unknown
Glc: unknown
Patient_Status: 19.715252

*****************************************
PatientStatusInfo#
| THERM_RISK: 0
| ECG_RISK: 0
| OXIM_RISK: 19.7153
| ABPS_RISK: 0
| ABPD_RISK: 0
| GLC_RISK: 0
| PATIENT_STATE:VERY LOW RISK
Seconds Since Epoch: 1700102842571
*****************************************
General risk status: 19.7153%
Term: unknown
Ecg: unknown
Oxi: low risk
Abps: unknown
Abpd: unknown
Glc: unknown
Patient_Status: 19.715252

*****************************************
PatientStatusInfo#
| THERM_RISK: 0
| ECG_RISK: 0
| OXIM_RISK: 19.7153
| ABPS_RISK: 0
| ABPD_RISK: 0
| GLC_RISK: 0
| PATIENT_STATE:VERY LOW RISK
Seconds Since Epoch: 1700102842671
*****************************************
++++++++++++++++++++
Trm: 0.000000
Ecg: 0.000000
Oxi: 99.876146
Abps: 0.000000
Abpd: 0.000000
Glc: 0.000000
++++++++++++++++++++
General risk status: 19.7153%
Term: unknown
Ecg: unknown
Oxi: low risk
Abps: unknown
Abpd: unknown
Glc: unknown
Patient_Status: 19.715252

*****************************************
PatientStatusInfo#
| THERM_RISK: 0
| ECG_RISK: 0
| OXIM_RISK: 19.8585
| ABPS_RISK: 0
| ABPD_RISK: 0
| GLC_RISK: 0
| PATIENT_STATE:VERY LOW RISK
Seconds Since Epoch: 1700102842771
*****************************************
General risk status: 19.8585%
Term: unknown
Ecg: unknown
Oxi: low risk
Abps: unknown
Abpd: unknown
Glc: unknown
Patient_Status: 19.858453

*****************************************
PatientStatusInfo#
| THERM_RISK: 0
| ECG_RISK: 0
| OXIM_RISK: 19.8585
| ABPS_RISK: 0
| ABPD_RISK: 0
| GLC_RISK: 0
| PATIENT_STATE:VERY LOW RISK
Seconds Since Epoch: 1700102842872
*****************************************
General risk status: 19.8585%
Term: unknown
Ecg: unknown
Oxi: low risk
Abps: unknown
Abpd: unknown
Glc: unknown
Patient_Status: 19.858453

*****************************************
PatientStatusInfo#
| THERM_RISK: 0
| ECG_RISK: 0
| OXIM_RISK: 19.8585
| ABPS_RISK: 0
| ABPD_RISK: 0
| GLC_RISK: 0
| PATIENT_STATE:VERY LOW RISK
Seconds Since Epoch: 1700102842971
*****************************************
General risk status: 19.8585%
Term: unknown
Ecg: unknown
Oxi: low risk
Abps: unknown
Abpd: unknown
Glc: unknown
Patient_Status: 19.858453

*****************************************
PatientStatusInfo#
| THERM_RISK: 0
| ECG_RISK: 0
| OXIM_RISK: 19.8585
| ABPS_RISK: 0
| ABPD_RISK: 0
| GLC_RISK: 0
| PATIENT_STATE:VERY LOW RISK
Seconds Since Epoch: 1700102843072
*****************************************
General risk status: 19.8585%
Term: unknown
Ecg: unknown
Oxi: low risk
Abps: unknown
Abpd: unknown
Glc: unknown
Patient_Status: 19.858453

*****************************************
PatientStatusInfo#
| THERM_RISK: 0
| ECG_RISK: 0
| OXIM_RISK: 19.8585
| ABPS_RISK: 0
| ABPD_RISK: 0
| GLC_RISK: 0
| PATIENT_STATE:VERY LOW RISK
Seconds Since Epoch: 1700102843172
*****************************************
General risk status: 19.8585%
Term: unknown
Ecg: unknown
Oxi: low risk
Abps: unknown
Abpd: unknown
Glc: unknown
Patient_Status: 19.858453

*****************************************
PatientStatusInfo#
| THERM_RISK: 0
| ECG_RISK: 0
| OXIM_RISK: 19.8585
| ABPS_RISK: 0
| ABPD_RISK: 0
| GLC_RISK: 0
| PATIENT_STATE:VERY LOW RISK
Seconds Since Epoch: 1700102843272
*****************************************
General risk status: 19.8585%
Term: unknown
Ecg: unknown
Oxi: low risk
Abps: unknown
Abpd: unknown
Glc: unknown
Patient_Status: 19.858453

*****************************************
PatientStatusInfo#
| THERM_RISK: 0
| ECG_RISK: 0
| OXIM_RISK: 19.8585
| ABPS_RISK: 0
| ABPD_RISK: 0
| GLC_RISK: 0
| PATIENT_STATE:VERY LOW RISK
Seconds Since Epoch: 1700102843372
*****************************************
General risk status: 19.8585%
Term: unknown
Ecg: unknown
Oxi: low risk
Abps: unknown
Abpd: unknown
Glc: unknown
Patient_Status: 19.858453

*****************************************
PatientStatusInfo#
| THERM_RISK: 0
| ECG_RISK: 0
| OXIM_RISK: 19.8585
| ABPS_RISK: 0
| ABPD_RISK: 0
| GLC_RISK: 0
| PATIENT_STATE:VERY LOW RISK
Seconds Since Epoch: 1700102843472
*****************************************
General risk status: 19.8585%
Term: unknown
Ecg: unknown
Oxi: low risk
Abps: unknown
Abpd: unknown
Glc: unknown
Patient_Status: 19.858453

*****************************************
PatientStatusInfo#
| THERM_RISK: 0
| ECG_RISK: 0
| OXIM_RISK: 19.8585
| ABPS_RISK: 0
| ABPD_RISK: 0
| GLC_RISK: 0
| PATIENT_STATE:VERY LOW RISK
Seconds Since Epoch: 1700102843572
*****************************************
General risk status: 19.8585%
Term: unknown
Ecg: unknown
Oxi: low risk
Abps: unknown
Abpd: unknown
Glc: unknown
Patient_Status: 19.858453

*****************************************
PatientStatusInfo#
| THERM_RISK: 0
| ECG_RISK: 0
| OXIM_RISK: 19.8585
| ABPS_RISK: 0
| ABPD_RISK: 0
| GLC_RISK: 0
| PATIENT_STATE:VERY LOW RISK
Seconds Since Epoch: 1700102843672
*****************************************
General risk status: 19.8585%
Term: unknown
Ecg: unknown
Oxi: low risk
Abps: unknown
Abpd: unknown
Glc: unknown
Patient_Status: 19.858453

*****************************************
PatientStatusInfo#
| THERM_RISK: 0
| ECG_RISK: 0
| OXIM_RISK: 19.8585
| ABPS_RISK: 0
| ABPD_RISK: 0
| GLC_RISK: 0
| PATIENT_STATE:VERY LOW RISK
Seconds Since Epoch: 1700102843772
*****************************************
++++++++++++++++++++
Trm: 0.000000
Ecg: 0.000000
Oxi: 98.869323
Abps: 0.000000
Abpd: 0.000000
Glc: 0.000000
++++++++++++++++++++
General risk status: 19.8585%
Term: unknown
Ecg: unknown
Oxi: low risk
Abps: unknown
Abpd: unknown
Glc: unknown
Patient_Status: 19.858453

*****************************************
PatientStatusInfo#
| THERM_RISK: 0
| ECG_RISK: 0
| OXIM_RISK: 18.7078
| ABPS_RISK: 0
| ABPD_RISK: 0
| GLC_RISK: 0
| PATIENT_STATE:VERY LOW RISK
Seconds Since Epoch: 1700102843873
*****************************************
General risk status: 18.7078%
Term: unknown
Ecg: unknown
Oxi: low risk
Abps: unknown
Abpd: unknown
Glc: unknown
Patient_Status: 18.707797

*****************************************
PatientStatusInfo#
| THERM_RISK: 0
| ECG_RISK: 0
| OXIM_RISK: 18.7078
| ABPS_RISK: 0
| ABPD_RISK: 0
| GLC_RISK: 0
| PATIENT_STATE:VERY LOW RISK
Seconds Since Epoch: 1700102843972
*****************************************
General risk status: 18.7078%
Term: unknown
Ecg: unknown
Oxi: low risk
Abps: unknown
Abpd: unknown
Glc: unknown
Patient_Status: 18.707797

*****************************************
PatientStatusInfo#
| THERM_RISK: 0
| ECG_RISK: 0
| OXIM_RISK: 18.7078
| ABPS_RISK: 0
| ABPD_RISK: 0
| GLC_RISK: 0
| PATIENT_STATE:VERY LOW RISK
Seconds Since Epoch: 1700102844072
*****************************************
General risk status: 18.7078%
Term: unknown
Ecg: unknown
Oxi: low risk
Abps: unknown
Abpd: unknown
Glc: unknown
Patient_Status: 18.707797

*****************************************
PatientStatusInfo#
| THERM_RISK: 0
| ECG_RISK: 0
| OXIM_RISK: 18.7078
| ABPS_RISK: 0
| ABPD_RISK: 0
| GLC_RISK: 0
| PATIENT_STATE:VERY LOW RISK
Seconds Since Epoch: 1700102844172
*****************************************
General risk status: 18.7078%
Term: unknown
Ecg: unknown
Oxi: low risk
Abps: unknown
Abpd: unknown
Glc: unknown
Patient_Status: 18.707797

*****************************************
PatientStatusInfo#
| THERM_RISK: 0
| ECG_RISK: 0
| OXIM_RISK: 18.7078
| ABPS_RISK: 0
| ABPD_RISK: 0
| GLC_RISK: 0
| PATIENT_STATE:VERY LOW RISK
Seconds Since Epoch: 1700102844272
*****************************************
General risk status: 18.7078%
Term: unknown
Ecg: unknown
Oxi: low risk
Abps: unknown
Abpd: unknown
Glc: unknown
Patient_Status: 18.707797

*****************************************
PatientStatusInfo#
| THERM_RISK: 0
| ECG_RISK: 0
| OXIM_RISK: 18.7078
| ABPS_RISK: 0
| ABPD_RISK: 0
| GLC_RISK: 0
| PATIENT_STATE:VERY LOW RISK
Seconds Since Epoch: 1700102844373
*****************************************
General risk status: 18.7078%
Term: unknown
Ecg: unknown
Oxi: low risk
Abps: unknown
Abpd: unknown
Glc: unknown
Patient_Status: 18.707797

*****************************************
PatientStatusInfo#
| THERM_RISK: 0
| ECG_RISK: 0
| OXIM_RISK: 18.7078
| ABPS_RISK: 0
| ABPD_RISK: 0
| GLC_RISK: 0
| PATIENT_STATE:VERY LOW RISK
Seconds Since Epoch: 1700102844473
*****************************************
General risk status: 18.7078%
Term: unknown
Ecg: unknown
Oxi: low risk
Abps: unknown
Abpd: unknown
Glc: unknown
Patient_Status: 18.707797

*****************************************
PatientStatusInfo#
| THERM_RISK: 0
| ECG_RISK: 0
| OXIM_RISK: 18.7078
| ABPS_RISK: 0
| ABPD_RISK: 0
| GLC_RISK: 0
| PATIENT_STATE:VERY LOW RISK
Seconds Since Epoch: 1700102844576
*****************************************
General risk status: 18.7078%
Term: unknown
Ecg: unknown
Oxi: low risk
Abps: unknown
Abpd: unknown
Glc: unknown
Patient_Status: 18.707797

*****************************************
PatientStatusInfo#
| THERM_RISK: 0
| ECG_RISK: 0
| OXIM_RISK: 18.7078
| ABPS_RISK: 0
| ABPD_RISK: 0
| GLC_RISK: 0
| PATIENT_STATE:VERY LOW RISK
Seconds Since Epoch: 1700102844684
*****************************************
General risk status: 18.7078%
Term: unknown
Ecg: unknown
Oxi: low risk
Abps: unknown
Abpd: unknown
Glc: unknown
Patient_Status: 18.707797

*****************************************
PatientStatusInfo#
| THERM_RISK: 0
| ECG_RISK: 0
| OXIM_RISK: 18.7078
| ABPS_RISK: 0
| ABPD_RISK: 0
| GLC_RISK: 0
| PATIENT_STATE:VERY LOW RISK
Seconds Since Epoch: 1700102844775
*****************************************
++++++++++++++++++++
Trm: 0.000000
Ecg: 0.000000
Oxi: 98.970747
Abps: 0.000000
Abpd: 0.000000
Glc: 0.000000
++++++++++++++++++++
General risk status: 18.7078%
Term: unknown
Ecg: unknown
Oxi: low risk
Abps: unknown
Abpd: unknown
Glc: unknown
Patient_Status: 18.707797

*****************************************
PatientStatusInfo#
| THERM_RISK: 0
| ECG_RISK: 0
| OXIM_RISK: 18.8237
| ABPS_RISK: 0
| ABPD_RISK: 0
| GLC_RISK: 0
| PATIENT_STATE:VERY LOW RISK
Seconds Since Epoch: 1700102844903
*****************************************
General risk status: 18.8237%
Term: unknown
Ecg: unknown
Oxi: low risk
Abps: unknown
Abpd: unknown
Glc: unknown
Patient_Status: 18.823711

*****************************************
PatientStatusInfo#
| THERM_RISK: 0
| ECG_RISK: 0
| OXIM_RISK: 18.8237
| ABPS_RISK: 0
| ABPD_RISK: 0
| GLC_RISK: 0
| PATIENT_STATE:VERY LOW RISK
Seconds Since Epoch: 1700102845027
*****************************************
General risk status: 18.8237%
Term: unknown
Ecg: unknown
Oxi: low risk
Abps: unknown
Abpd: unknown
Glc: unknown
Patient_Status: 18.823711

*****************************************
PatientStatusInfo#
| THERM_RISK: 0
| ECG_RISK: 0
| OXIM_RISK: 18.8237
| ABPS_RISK: 0
| ABPD_RISK: 0
| GLC_RISK: 0
| PATIENT_STATE:VERY LOW RISK
Seconds Since Epoch: 1700102845085
*****************************************
General risk status: 18.8237%
Term: unknown
Ecg: unknown
Oxi: low risk
Abps: unknown
Abpd: unknown
Glc: unknown
Patient_Status: 18.823711

*****************************************
PatientStatusInfo#
| THERM_RISK: 0
| ECG_RISK: 0
| OXIM_RISK: 18.8237
| ABPS_RISK: 0
| ABPD_RISK: 0
| GLC_RISK: 0
| PATIENT_STATE:VERY LOW RISK
Seconds Since Epoch: 1700102845246
*****************************************
General risk status: 18.8237%
Term: unknown
Ecg: unknown
Oxi: low risk
Abps: unknown
Abpd: unknown
Glc: unknown
Patient_Status: 18.823711

*****************************************
PatientStatusInfo#
| THERM_RISK: 0
| ECG_RISK: 0
| OXIM_RISK: 18.8237
| ABPS_RISK: 0
| ABPD_RISK: 0
| GLC_RISK: 0
| PATIENT_STATE:VERY LOW RISK
Seconds Since Epoch: 1700102845317
*****************************************
General risk status: 18.8237%
Term: unknown
Ecg: unknown
Oxi: low risk
Abps: unknown
Abpd: unknown
Glc: unknown
Patient_Status: 18.823711

*****************************************
PatientStatusInfo#
| THERM_RISK: 0
| ECG_RISK: 0
| OXIM_RISK: 18.8237
| ABPS_RISK: 0
| ABPD_RISK: 0
| GLC_RISK: 0
| PATIENT_STATE:VERY LOW RISK
Seconds Since Epoch: 1700102845493
*****************************************
General risk status: 18.8237%
Term: unknown
Ecg: unknown
Oxi: low risk
Abps: unknown
Abpd: unknown
Glc: unknown
Patient_Status: 18.823711

*****************************************
PatientStatusInfo#
| THERM_RISK: 0
| ECG_RISK: 0
| OXIM_RISK: 18.8237
| ABPS_RISK: 0
| ABPD_RISK: 0
| GLC_RISK: 0
| PATIENT_STATE:VERY LOW RISK
Seconds Since Epoch: 1700102845531
*****************************************
General risk status: 18.8237%
Term: unknown
Ecg: unknown
Oxi: low risk
Abps: unknown
Abpd: unknown
Glc: unknown
Patient_Status: 18.823711

*****************************************
PatientStatusInfo#
| THERM_RISK: 0
| ECG_RISK: 0
| OXIM_RISK: 18.8237
| ABPS_RISK: 0
| ABPD_RISK: 0
| GLC_RISK: 0
| PATIENT_STATE:VERY LOW RISK
Seconds Since Epoch: 1700102845682
*****************************************
General risk status: 18.8237%
Term: unknown
Ecg: unknown
Oxi: low risk
Abps: unknown
Abpd: unknown
Glc: unknown
Patient_Status: 18.823711

*****************************************
PatientStatusInfo#
| THERM_RISK: 0
| ECG_RISK: 0
| OXIM_RISK: 18.8237
| ABPS_RISK: 0
| ABPD_RISK: 0
| GLC_RISK: 0
| PATIENT_STATE:VERY LOW RISK
Seconds Since Epoch: 1700102845752
*****************************************
General risk status: 18.8237%
Term: unknown
Ecg: unknown
Oxi: low risk
Abps: unknown
Abpd: unknown
Glc: unknown
Patient_Status: 18.823711

*****************************************
PatientStatusInfo#
| THERM_RISK: 0
| ECG_RISK: 0
| OXIM_RISK: 18.8237
| ABPS_RISK: 0
| ABPD_RISK: 0
| GLC_RISK: 0
| PATIENT_STATE:VERY LOW RISK
Seconds Since Epoch: 1700102845883
*****************************************
General risk status: 18.8237%
Term: unknown
Ecg: unknown
Oxi: low risk
Abps: unknown
Abpd: unknown
Glc: unknown
Patient_Status: 18.823711

*****************************************
PatientStatusInfo#
| THERM_RISK: 0
| ECG_RISK: 0
| OXIM_RISK: 18.8237
| ABPS_RISK: 0
| ABPD_RISK: 0
| GLC_RISK: 0
| PATIENT_STATE:VERY LOW RISK
Seconds Since Epoch: 1700102845959
*****************************************
++++++++++++++++++++
Trm: 0.000000
Ecg: 0.000000
Oxi: 98.500843
Abps: 0.000000
Abpd: 0.000000
Glc: 0.000000
++++++++++++++++++++
General risk status: 18.8237%
Term: unknown
Ecg: unknown
Oxi: low risk
Abps: unknown
Abpd: unknown
Glc: unknown
Patient_Status: 18.823711

*****************************************
PatientStatusInfo#
| THERM_RISK: 0
| ECG_RISK: 0
| OXIM_RISK: 18.2867
| ABPS_RISK: 0
| ABPD_RISK: 0
| GLC_RISK: 0
| PATIENT_STATE:VERY LOW RISK
Seconds Since Epoch: 1700102846144
*****************************************
General risk status: 18.2867%
Term: unknown
Ecg: unknown
Oxi: low risk
Abps: unknown
Abpd: unknown
Glc: unknown
Patient_Status: 18.286678

*****************************************
PatientStatusInfo#
| THERM_RISK: 0
| ECG_RISK: 0
| OXIM_RISK: 18.2867
| ABPS_RISK: 0
| ABPD_RISK: 0
| GLC_RISK: 0
| PATIENT_STATE:VERY LOW RISK
Seconds Since Epoch: 1700102846286
*****************************************
General risk status: 18.2867%
Term: unknown
Ecg: unknown
Oxi: low risk
Abps: unknown
Abpd: unknown
Glc: unknown
Patient_Status: 18.286678

*****************************************
PatientStatusInfo#
| THERM_RISK: 0
| ECG_RISK: 0
| OXIM_RISK: 18.2867
| ABPS_RISK: 0
| ABPD_RISK: 0
| GLC_RISK: 0
| PATIENT_STATE:VERY LOW RISK
Seconds Since Epoch: 1700102846370
*****************************************
General risk status: 18.2867%
Term: unknown
Ecg: unknown
Oxi: low risk
Abps: unknown
Abpd: unknown
Glc: unknown
Patient_Status: 18.286678

*****************************************
PatientStatusInfo#
| THERM_RISK: 0
| ECG_RISK: 0
| OXIM_RISK: 18.2867
| ABPS_RISK: 0
| ABPD_RISK: 0
| GLC_RISK: 0
| PATIENT_STATE:VERY LOW RISK
Seconds Since Epoch: 1700102846467
*****************************************
General risk status: 18.2867%
Term: unknown
Ecg: unknown
Oxi: low risk
Abps: unknown
Abpd: unknown
Glc: unknown
Patient_Status: 18.286678

*****************************************
PatientStatusInfo#
| THERM_RISK: 0
| ECG_RISK: 0
| OXIM_RISK: 18.2867
| ABPS_RISK: 0
| ABPD_RISK: 0
| GLC_RISK: 0
| PATIENT_STATE:VERY LOW RISK
Seconds Since Epoch: 1700102847637
*****************************************
General risk status: 18.2867%
Term: unknown
Ecg: unknown
Oxi: low risk
Abps: unknown
Abpd: unknown
Glc: unknown
Patient_Status: 18.286678

*****************************************
PatientStatusInfo#
| THERM_RISK: 0
| ECG_RISK: 0
| OXIM_RISK: 18.2867
| ABPS_RISK: 0
| ABPD_RISK: 0
| GLC_RISK: 0
| PATIENT_STATE:VERY LOW RISK
Seconds Since Epoch: 1700102847818
*****************************************
General risk status: 18.2867%
Term: unknown
Ecg: unknown
Oxi: low risk
Abps: unknown
Abpd: unknown
Glc: unknown
Patient_Status: 18.286678

*****************************************
PatientStatusInfo#
| THERM_RISK: 0
| ECG_RISK: 0
| OXIM_RISK: 18.2867
| ABPS_RISK: 0
| ABPD_RISK: 0
| GLC_RISK: 0
| PATIENT_STATE:VERY LOW RISK
Seconds Since Epoch: 1700102847935
*****************************************
General risk status: 18.2867%
Term: unknown
Ecg: unknown
Oxi: low risk
Abps: unknown
Abpd: unknown
Glc: unknown
Patient_Status: 18.286678

*****************************************
PatientStatusInfo#
| THERM_RISK: 0
| ECG_RISK: 0
| OXIM_RISK: 18.2867
| ABPS_RISK: 0
| ABPD_RISK: 0
| GLC_RISK: 0
| PATIENT_STATE:VERY LOW RISK
Seconds Since Epoch: 1700102848085
*****************************************
General risk status: 18.2867%
Term: unknown
Ecg: unknown
Oxi: low risk
Abps: unknown
Abpd: unknown
Glc: unknown
Patient_Status: 18.286678

*****************************************
PatientStatusInfo#
| THERM_RISK: 0
| ECG_RISK: 0
| OXIM_RISK: 18.2867
| ABPS_RISK: 0
| ABPD_RISK: 0
| GLC_RISK: 0
| PATIENT_STATE:VERY LOW RISK
Seconds Since Epoch: 1700102848196
*****************************************
General risk status: 18.2867%
Term: unknown
Ecg: unknown
Oxi: low risk
Abps: unknown
Abpd: unknown
Glc: unknown
Patient_Status: 18.286678

*****************************************
PatientStatusInfo#
| THERM_RISK: 0
| ECG_RISK: 0
| OXIM_RISK: 18.2867
| ABPS_RISK: 0
| ABPD_RISK: 0
| GLC_RISK: 0
| PATIENT_STATE:VERY LOW RISK
Seconds Since Epoch: 1700102848320
*****************************************
General risk status: 18.2867%
Term: unknown
Ecg: unknown
Oxi: low risk
Abps: unknown
Abpd: unknown
Glc: unknown
Patient_Status: 18.286678

*****************************************
PatientStatusInfo#
| THERM_RISK: 0
| ECG_RISK: 0
| OXIM_RISK: 18.2867
| ABPS_RISK: 0
| ABPD_RISK: 0
| GLC_RISK: 0
| PATIENT_STATE:VERY LOW RISK
Seconds Since Epoch: 1700102848355
*****************************************
++++++++++++++++++++
Trm: 0.000000
Ecg: 0.000000
Oxi: 81.988148
Abps: 0.000000
Abpd: 0.000000
Glc: 0.000000
++++++++++++++++++++
General risk status: 18.2867%
Term: unknown
Ecg: unknown
Oxi: low risk
Abps: unknown
Abpd: unknown
Glc: unknown
Patient_Status: 18.286678

*****************************************
PatientStatusInfo#
| THERM_RISK: 0
| ECG_RISK: 0
| OXIM_RISK: 0.584974
| ABPS_RISK: 0
| ABPD_RISK: 0
| GLC_RISK: 0
| PATIENT_STATE:VERY LOW RISK
Seconds Since Epoch: 1700102848535
*****************************************
General risk status: 0.584974%
Term: unknown
Ecg: unknown
Oxi: low risk
Abps: unknown
Abpd: unknown
Glc: unknown
Patient_Status: 0.584974

*****************************************
PatientStatusInfo#
| THERM_RISK: 0
| ECG_RISK: 0
| OXIM_RISK: 0.584974
| ABPS_RISK: 0
| ABPD_RISK: 0
| GLC_RISK: 0
| PATIENT_STATE:VERY LOW RISK
Seconds Since Epoch: 1700102848674
*****************************************
General risk status: 0.584974%
Term: unknown
Ecg: unknown
Oxi: low risk
Abps: unknown
Abpd: unknown
Glc: unknown
Patient_Status: 0.584974

*****************************************
PatientStatusInfo#
| THERM_RISK: 0
| ECG_RISK: 0
| OXIM_RISK: 0.584974
| ABPS_RISK: 0
| ABPD_RISK: 0
| GLC_RISK: 0
| PATIENT_STATE:VERY LOW RISK
Seconds Since Epoch: 1700102848713
*****************************************
General risk status: 0.584974%
Term: unknown
Ecg: unknown
Oxi: low risk
Abps: unknown
Abpd: unknown
Glc: unknown
Patient_Status: 0.584974

*****************************************
PatientStatusInfo#
| THERM_RISK: 0
| ECG_RISK: 0
| OXIM_RISK: 0.584974
| ABPS_RISK: 0
| ABPD_RISK: 0
| GLC_RISK: 0
| PATIENT_STATE:VERY LOW RISK
Seconds Since Epoch: 1700102848909
*****************************************
General risk status: 0.584974%
Term: unknown
Ecg: unknown
Oxi: low risk
Abps: unknown
Abpd: unknown
Glc: unknown
Patient_Status: 0.584974

*****************************************
PatientStatusInfo#
| THERM_RISK: 0
| ECG_RISK: 0
| OXIM_RISK: 0.584974
| ABPS_RISK: 0
| ABPD_RISK: 0
| GLC_RISK: 0
| PATIENT_STATE:VERY LOW RISK
Seconds Since Epoch: 1700102849018
*****************************************
General risk status: 0.584974%
Term: unknown
Ecg: unknown
Oxi: low risk
Abps: unknown
Abpd: unknown
Glc: unknown
Patient_Status: 0.584974

*****************************************
PatientStatusInfo#
| THERM_RISK: 0
| ECG_RISK: 0
| OXIM_RISK: 0.584974
| ABPS_RISK: 0
| ABPD_RISK: 0
| GLC_RISK: 0
| PATIENT_STATE:VERY LOW RISK
Seconds Since Epoch: 1700102849034
*****************************************
General risk status: 0.584974%
Term: unknown
Ecg: unknown
Oxi: low risk
Abps: unknown
Abpd: unknown
Glc: unknown
Patient_Status: 0.584974

*****************************************
PatientStatusInfo#
| THERM_RISK: 0
| ECG_RISK: 0
| OXIM_RISK: 0.584974
| ABPS_RISK: 0
| ABPD_RISK: 0
| GLC_RISK: 0
| PATIENT_STATE:VERY LOW RISK
Seconds Since Epoch: 1700102849212
*****************************************
General risk status: 0.584974%
Term: unknown
Ecg: unknown
Oxi: low risk
Abps: unknown
Abpd: unknown
Glc: unknown
Patient_Status: 0.584974

*****************************************
PatientStatusInfo#
| THERM_RISK: 0
| ECG_RISK: 0
| OXIM_RISK: 0.584974
| ABPS_RISK: 0
| ABPD_RISK: 0
| GLC_RISK: 0
| PATIENT_STATE:VERY LOW RISK
Seconds Since Epoch: 1700102849282
*****************************************
General risk status: 0.584974%
Term: unknown
Ecg: unknown
Oxi: low risk
Abps: unknown
Abpd: unknown
Glc: unknown
Patient_Status: 0.584974

*****************************************
PatientStatusInfo#
| THERM_RISK: 0
| ECG_RISK: 0
| OXIM_RISK: 0.584974
| ABPS_RISK: 0
| ABPD_RISK: 0
| GLC_RISK: 0
| PATIENT_STATE:VERY LOW RISK
Seconds Since Epoch: 1700102849407
*****************************************
++++++++++++++++++++
Trm: 0.000000
Ecg: 0.000000
Oxi: 93.009817
Abps: 0.000000
Abpd: 0.000000
Glc: 0.000000
++++++++++++++++++++
General risk status: 0.584974%
Term: unknown
Ecg: unknown
Oxi: low risk
Abps: unknown
Abpd: unknown
Glc: unknown
Patient_Status: 0.584974

*****************************************
PatientStatusInfo#
| THERM_RISK: 0
| ECG_RISK: 0
| OXIM_RISK: 12.0112
| ABPS_RISK: 0
| ABPD_RISK: 0
| GLC_RISK: 0
| PATIENT_STATE:VERY LOW RISK
Seconds Since Epoch: 1700102849529
*****************************************
General risk status: 12.0112%
Term: unknown
Ecg: unknown
Oxi: low risk
Abps: unknown
Abpd: unknown
Glc: unknown
Patient_Status: 12.011219

*****************************************
PatientStatusInfo#
| THERM_RISK: 0
| ECG_RISK: 0
| OXIM_RISK: 12.0112
| ABPS_RISK: 0
| ABPD_RISK: 0
| GLC_RISK: 0
| PATIENT_STATE:VERY LOW RISK
Seconds Since Epoch: 1700102849640
*****************************************
General risk status: 12.0112%
Term: unknown
Ecg: unknown
Oxi: low risk
Abps: unknown
Abpd: unknown
Glc: unknown
Patient_Status: 12.011219

*****************************************
PatientStatusInfo#
| THERM_RISK: 0
| ECG_RISK: 0
| OXIM_RISK: 12.0112
| ABPS_RISK: 0
| ABPD_RISK: 0
| GLC_RISK: 0
| PATIENT_STATE:VERY LOW RISK
Seconds Since Epoch: 1700102849670
*****************************************
General risk status: 12.0112%
Term: unknown
Ecg: unknown
Oxi: low risk
Abps: unknown
Abpd: unknown
Glc: unknown
Patient_Status: 12.011219

*****************************************
PatientStatusInfo#
| THERM_RISK: 0
| ECG_RISK: 0
| OXIM_RISK: 12.0112
| ABPS_RISK: 0
| ABPD_RISK: 0
| GLC_RISK: 0
| PATIENT_STATE:VERY LOW RISK
Seconds Since Epoch: 1700102850275
*****************************************
General risk status: 12.0112%
Term: unknown
Ecg: unknown
Oxi: low risk
Abps: unknown
Abpd: unknown
Glc: unknown
Patient_Status: 12.011219

*****************************************
PatientStatusInfo#
| THERM_RISK: 0
| ECG_RISK: 0
| OXIM_RISK: 12.0112
| ABPS_RISK: 0
| ABPD_RISK: 0
| GLC_RISK: 0
| PATIENT_STATE:VERY LOW RISK
Seconds Since Epoch: 1700102853036
*****************************************
General risk status: 12.0112%
Term: unknown
Ecg: unknown
Oxi: low risk
Abps: unknown
Abpd: unknown
Glc: unknown
Patient_Status: 12.011219

*****************************************
PatientStatusInfo#
| THERM_RISK: 0
| ECG_RISK: 0
| OXIM_RISK: 12.0112
| ABPS_RISK: 0
| ABPD_RISK: 0
| GLC_RISK: 0
| PATIENT_STATE:VERY LOW RISK
Seconds Since Epoch: 1700102853137
*****************************************
General risk status: 12.0112%
Term: unknown
Ecg: unknown
Oxi: low risk
Abps: unknown
Abpd: unknown
Glc: unknown
Patient_Status: 12.011219

*****************************************
PatientStatusInfo#
| THERM_RISK: 0
| ECG_RISK: 0
| OXIM_RISK: 12.0112
| ABPS_RISK: 0
| ABPD_RISK: 0
| GLC_RISK: 0
| PATIENT_STATE:VERY LOW RISK
Seconds Since Epoch: 1700102854919
*****************************************
++++++++++++++++++++
Trm: 0.000000
Ecg: 0.000000
Oxi: 69.966022
Abps: 0.000000
Abpd: 0.000000
Glc: 0.000000
++++++++++++++++++++
General risk status: 12.0112%
Term: unknown
Ecg: unknown
Oxi: low risk
Abps: unknown
Abpd: unknown
Glc: unknown
Patient_Status: 12.011219

*****************************************
PatientStatusInfo#
| THERM_RISK: 0
| ECG_RISK: 0
| OXIM_RISK: 14.3245
| ABPS_RISK: 0
| ABPD_RISK: 0
| GLC_RISK: 0
| PATIENT_STATE:VERY LOW RISK
Seconds Since Epoch: 1700102854959
*****************************************
General risk status: 14.3245%
Term: unknown
Ecg: unknown
Oxi: low risk
Abps: unknown
Abpd: unknown
Glc: unknown
Patient_Status: 14.324546

*****************************************
PatientStatusInfo#
| THERM_RISK: 0
| ECG_RISK: 0
| OXIM_RISK: 14.3245
| ABPS_RISK: 0
| ABPD_RISK: 0
| GLC_RISK: 0
| PATIENT_STATE:VERY LOW RISK
Seconds Since Epoch: 1700102855320
*****************************************
General risk status: 14.3245%
Term: unknown
Ecg: unknown
Oxi: low risk
Abps: unknown
Abpd: unknown
Glc: unknown
Patient_Status: 14.324546

*****************************************
PatientStatusInfo#
| THERM_RISK: 0
| ECG_RISK: 0
| OXIM_RISK: 14.3245
| ABPS_RISK: 0
| ABPD_RISK: 0
| GLC_RISK: 0
| PATIENT_STATE:VERY LOW RISK
Seconds Since Epoch: 1700102855336
*****************************************
General risk status: 14.3245%
Term: unknown
Ecg: unknown
Oxi: low risk
Abps: unknown
Abpd: unknown
Glc: unknown
Patient_Status: 14.324546

*****************************************
PatientStatusInfo#
| THERM_RISK: 0
| ECG_RISK: 0
| OXIM_RISK: 14.3245
| ABPS_RISK: 0
| ABPD_RISK: 0
| GLC_RISK: 0
| PATIENT_STATE:VERY LOW RISK
Seconds Since Epoch: 1700102855558
*****************************************
General risk status: 14.3245%
Term: unknown
Ecg: unknown
Oxi: low risk
Abps: unknown
Abpd: unknown
Glc: unknown
Patient_Status: 14.324546

*****************************************
PatientStatusInfo#
| THERM_RISK: 0
| ECG_RISK: 0
| OXIM_RISK: 14.3245
| ABPS_RISK: 0
| ABPD_RISK: 0
| GLC_RISK: 0
| PATIENT_STATE:VERY LOW RISK
Seconds Since Epoch: 1700102855619
*****************************************
General risk status: 14.3245%
Term: unknown
Ecg: unknown
Oxi: low risk
Abps: unknown
Abpd: unknown
Glc: unknown
Patient_Status: 14.324546

*****************************************
PatientStatusInfo#
| THERM_RISK: 0
| ECG_RISK: 0
| OXIM_RISK: 14.3245
| ABPS_RISK: 0
| ABPD_RISK: 0
| GLC_RISK: 0
| PATIENT_STATE:VERY LOW RISK
Seconds Since Epoch: 1700102856664
*****************************************
General risk status: 14.3245%
Term: unknown
Ecg: unknown
Oxi: low risk
Abps: unknown
Abpd: unknown
Glc: unknown
Patient_Status: 14.324546

*****************************************
PatientStatusInfo#
| THERM_RISK: 0
| ECG_RISK: 0
| OXIM_RISK: 14.3245
| ABPS_RISK: 0
| ABPD_RISK: 0
| GLC_RISK: 0
| PATIENT_STATE:VERY LOW RISK
Seconds Since Epoch: 1700102859482
*****************************************
General risk status: 14.3245%
Term: unknown
Ecg: unknown
Oxi: low risk
Abps: unknown
Abpd: unknown
Glc: unknown
Patient_Status: 14.324546

*****************************************
PatientStatusInfo#
| THERM_RISK: 0
| ECG_RISK: 0
| OXIM_RISK: 14.3245
| ABPS_RISK: 0
| ABPD_RISK: 0
| GLC_RISK: 0
| PATIENT_STATE:VERY LOW RISK
Seconds Since Epoch: 1700102859514
*****************************************
General risk status: 14.3245%
Term: unknown
Ecg: unknown
Oxi: low risk
Abps: unknown
Abpd: unknown
Glc: unknown
Patient_Status: 14.324546

*****************************************
PatientStatusInfo#
| THERM_RISK: 0
| ECG_RISK: 0
| OXIM_RISK: 14.3245
| ABPS_RISK: 0
| ABPD_RISK: 0
| GLC_RISK: 0
| PATIENT_STATE:VERY LOW RISK
Seconds Since Epoch: 1700102862909
*****************************************
General risk status: 14.3245%
Term: unknown
Ecg: unknown
Oxi: low risk
Abps: unknown
Abpd: unknown
Glc: unknown
Patient_Status: 14.324546

*****************************************
PatientStatusInfo#
| THERM_RISK: 0
| ECG_RISK: 0
| OXIM_RISK: 14.3245
| ABPS_RISK: 0
| ABPD_RISK: 0
| GLC_RISK: 0
| PATIENT_STATE:VERY LOW RISK
Seconds Since Epoch: 1700102862956
*****************************************
General risk status: 14.3245%
Term: unknown
Ecg: unknown
Oxi: low risk
Abps: unknown
Abpd: unknown
Glc: unknown
Patient_Status: 14.324546

*****************************************
PatientStatusInfo#
| THERM_RISK: 0
| ECG_RISK: 0
| OXIM_RISK: 14.3245
| ABPS_RISK: 0
| ABPD_RISK: 0
| GLC_RISK: 0
| PATIENT_STATE:VERY LOW RISK
Seconds Since Epoch: 1700102864028
*****************************************
General risk status: 14.3245%
Term: unknown
Ecg: unknown
Oxi: low risk
Abps: unknown
Abpd: unknown
Glc: unknown
Patient_Status: 14.324546

*****************************************
PatientStatusInfo#
| THERM_RISK: 0
| ECG_RISK: 0
| OXIM_RISK: 14.3245
| ABPS_RISK: 0
| ABPD_RISK: 0
| GLC_RISK: 0
| PATIENT_STATE:VERY LOW RISK
Seconds Since Epoch: 1700102869349
*****************************************
++++++++++++++++++++
Trm: 0.000000
Ecg: 0.000000
Oxi: 68.936258
Abps: 0.000000
Abpd: 0.000000
Glc: 0.000000
++++++++++++++++++++
General risk status: 14.3245%
Term: unknown
Ecg: unknown
Oxi: low risk
Abps: unknown
Abpd: unknown
Glc: unknown
Patient_Status: 14.324546

*****************************************
PatientStatusInfo#
| THERM_RISK: 0
| ECG_RISK: 0
| OXIM_RISK: 15.5014
| ABPS_RISK: 0
| ABPD_RISK: 0
| GLC_RISK: 0
| PATIENT_STATE:VERY LOW RISK
Seconds Since Epoch: 1700102872158
*****************************************
General risk status: 15.5014%
Term: unknown
Ecg: unknown
Oxi: low risk
Abps: unknown
Abpd: unknown
Glc: unknown
Patient_Status: 15.501419

*****************************************
PatientStatusInfo#
| THERM_RISK: 0
| ECG_RISK: 0
| OXIM_RISK: 15.5014
| ABPS_RISK: 0
| ABPD_RISK: 0
| GLC_RISK: 0
| PATIENT_STATE:VERY LOW RISK
Seconds Since Epoch: 1700102872179
*****************************************
General risk status: 15.5014%
Term: unknown
Ecg: unknown
Oxi: low risk
Abps: unknown
Abpd: unknown
Glc: unknown
Patient_Status: 15.501419

*****************************************
PatientStatusInfo#
| THERM_RISK: 0
| ECG_RISK: 0
| OXIM_RISK: 15.5014
| ABPS_RISK: 0
| ABPD_RISK: 0
| GLC_RISK: 0
| PATIENT_STATE:VERY LOW RISK
Seconds Since Epoch: 1700102872532
*****************************************
General risk status: 15.5014%
Term: unknown
Ecg: unknown
Oxi: low risk
Abps: unknown
Abpd: unknown
Glc: unknown
Patient_Status: 15.501419

*****************************************
PatientStatusInfo#
| THERM_RISK: 0
| ECG_RISK: 0
| OXIM_RISK: 15.5014
| ABPS_RISK: 0
| ABPD_RISK: 0
| GLC_RISK: 0
| PATIENT_STATE:VERY LOW RISK
Seconds Since Epoch: 1700102872573
*****************************************
General risk status: 15.5014%
Term: unknown
Ecg: unknown
Oxi: low risk
Abps: unknown
Abpd: unknown
Glc: unknown
Patient_Status: 15.501419

*****************************************
PatientStatusInfo#
| THERM_RISK: 0
| ECG_RISK: 0
| OXIM_RISK: 15.5014
| ABPS_RISK: 0
| ABPD_RISK: 0
| GLC_RISK: 0
| PATIENT_STATE:VERY LOW RISK
Seconds Since Epoch: 1700102872697
*****************************************
General risk status: 15.5014%
Term: unknown
Ecg: unknown
Oxi: low risk
Abps: unknown
Abpd: unknown
Glc: unknown
Patient_Status: 15.501419

*****************************************
PatientStatusInfo#
| THERM_RISK: 0
| ECG_RISK: 0
| OXIM_RISK: 15.5014
| ABPS_RISK: 0
| ABPD_RISK: 0
| GLC_RISK: 0
| PATIENT_STATE:VERY LOW RISK
Seconds Since Epoch: 1700102872849
*****************************************
General risk status: 15.5014%
Term: unknown
Ecg: unknown
Oxi: low risk
Abps: unknown
Abpd: unknown
Glc: unknown
Patient_Status: 15.501419

*****************************************
PatientStatusInfo#
| THERM_RISK: 0
| ECG_RISK: 0
| OXIM_RISK: 15.5014
| ABPS_RISK: 0
| ABPD_RISK: 0
| GLC_RISK: 0
| PATIENT_STATE:VERY LOW RISK
Seconds Since Epoch: 1700102872868
*****************************************
General risk status: 15.5014%
Term: unknown
Ecg: unknown
Oxi: low risk
Abps: unknown
Abpd: unknown
Glc: unknown
Patient_Status: 15.501419

*****************************************
PatientStatusInfo#
| THERM_RISK: 0
| ECG_RISK: 0
| OXIM_RISK: 15.5014
| ABPS_RISK: 0
| ABPD_RISK: 0
| GLC_RISK: 0
| PATIENT_STATE:VERY LOW RISK
Seconds Since Epoch: 1700102873127
*****************************************
General risk status: 15.5014%
Term: unknown
Ecg: unknown
Oxi: low risk
Abps: unknown
Abpd: unknown
Glc: unknown
Patient_Status: 15.501419

*****************************************
PatientStatusInfo#
| THERM_RISK: 0
| ECG_RISK: 0
| OXIM_RISK: 15.5014
| ABPS_RISK: 0
| ABPD_RISK: 0
| GLC_RISK: 0
| PATIENT_STATE:VERY LOW RISK
Seconds Since Epoch: 1700102873268
*****************************************
General risk status: 15.5014%
Term: unknown
Ecg: unknown
Oxi: low risk
Abps: unknown
Abpd: unknown
Glc: unknown
Patient_Status: 15.501419

*****************************************
PatientStatusInfo#
| THERM_RISK: 0
| ECG_RISK: 0
| OXIM_RISK: 15.5014
| ABPS_RISK: 0
| ABPD_RISK: 0
| GLC_RISK: 0
| PATIENT_STATE:VERY LOW RISK
Seconds Since Epoch: 1700102873306
*****************************************
General risk status: 15.5014%
Term: unknown
Ecg: unknown
Oxi: low risk
Abps: unknown
Abpd: unknown
Glc: unknown
Patient_Status: 15.501419

*****************************************
PatientStatusInfo#
| THERM_RISK: 0
| ECG_RISK: 0
| OXIM_RISK: 15.5014
| ABPS_RISK: 0
| ABPD_RISK: 0
| GLC_RISK: 0
| PATIENT_STATE:VERY LOW RISK
Seconds Since Epoch: 1700102873411
*****************************************
General risk status: 15.5014%
Term: unknown
Ecg: unknown
Oxi: low risk
Abps: unknown
Abpd: unknown
Glc: unknown
Patient_Status: 15.501419

*****************************************
PatientStatusInfo#
| THERM_RISK: 0
| ECG_RISK: 0
| OXIM_RISK: 15.5014
| ABPS_RISK: 0
| ABPD_RISK: 0
| GLC_RISK: 0
| PATIENT_STATE:VERY LOW RISK
Seconds Since Epoch: 1700102873526
*****************************************
++++++++++++++++++++
Trm: 0.000000
Ecg: 0.000000
Oxi: 63.784306
Abps: 0.000000
Abpd: 0.000000
Glc: 0.000000
++++++++++++++++++++
General risk status: 15.5014%
Term: unknown
Ecg: unknown
Oxi: moderate risk
Abps: unknown
Abpd: unknown
Glc: unknown
Patient_Status: 15.501419

*****************************************
PatientStatusInfo#
| THERM_RISK: 0
| ECG_RISK: 0
| OXIM_RISK: 59.6509
| ABPS_RISK: 0
| ABPD_RISK: 0
| GLC_RISK: 0
| PATIENT_STATE:VERY LOW RISK
Seconds Since Epoch: 1700102873659
*****************************************
General risk status: 59.6509%
Term: unknown
Ecg: unknown
Oxi: moderate risk
Abps: unknown
Abpd: unknown
Glc: unknown
Patient_Status: 59.650948

*****************************************
PatientStatusInfo#
| THERM_RISK: 0
| ECG_RISK: 0
| OXIM_RISK: 59.6509
| ABPS_RISK: 0
| ABPD_RISK: 0
| GLC_RISK: 0
| PATIENT_STATE:MODERATE RISK
Seconds Since Epoch: 1700102873759
*****************************************
General risk status: 59.6509%
Term: unknown
Ecg: unknown
Oxi: moderate risk
Abps: unknown
Abpd: unknown
Glc: unknown
Patient_Status: 59.650948

*****************************************
PatientStatusInfo#
| THERM_RISK: 0
| ECG_RISK: 0
| OXIM_RISK: 59.6509
| ABPS_RISK: 0
| ABPD_RISK: 0
| GLC_RISK: 0
| PATIENT_STATE:MODERATE RISK
Seconds Since Epoch: 1700102873887
*****************************************
General risk status: 59.6509%
Term: unknown
Ecg: unknown
Oxi: moderate risk
Abps: unknown
Abpd: unknown
Glc: unknown
Patient_Status: 59.650948

*****************************************
PatientStatusInfo#
| THERM_RISK: 0
| ECG_RISK: 0
| OXIM_RISK: 59.6509
| ABPS_RISK: 0
| ABPD_RISK: 0
| GLC_RISK: 0
| PATIENT_STATE:MODERATE RISK
Seconds Since Epoch: 1700102874035
*****************************************
General risk status: 59.6509%
Term: unknown
Ecg: unknown
Oxi: moderate risk
Abps: unknown
Abpd: unknown
Glc: unknown
Patient_Status: 59.650948

*****************************************
PatientStatusInfo#
| THERM_RISK: 0
| ECG_RISK: 0
| OXIM_RISK: 59.6509
| ABPS_RISK: 0
| ABPD_RISK: 0
| GLC_RISK: 0
| PATIENT_STATE:MODERATE RISK
Seconds Since Epoch: 1700102874131
*****************************************
General risk status: 59.6509%
Term: unknown
Ecg: unknown
Oxi: moderate risk
Abps: unknown
Abpd: unknown
Glc: unknown
Patient_Status: 59.650948

*****************************************
PatientStatusInfo#
| THERM_RISK: 0
| ECG_RISK: 0
| OXIM_RISK: 59.6509
| ABPS_RISK: 0
| ABPD_RISK: 0
| GLC_RISK: 0
| PATIENT_STATE:MODERATE RISK
Seconds Since Epoch: 1700102874244
*****************************************
General risk status: 59.6509%
Term: unknown
Ecg: unknown
Oxi: moderate risk
Abps: unknown
Abpd: unknown
Glc: unknown
Patient_Status: 59.650948

*****************************************
PatientStatusInfo#
| THERM_RISK: 0
| ECG_RISK: 0
| OXIM_RISK: 59.6509
| ABPS_RISK: 0
| ABPD_RISK: 0
| GLC_RISK: 0
| PATIENT_STATE:MODERATE RISK
Seconds Since Epoch: 1700102874351
*****************************************
General risk status: 59.6509%
Term: unknown
Ecg: unknown
Oxi: moderate risk
Abps: unknown
Abpd: unknown
Glc: unknown
Patient_Status: 59.650948

*****************************************
PatientStatusInfo#
| THERM_RISK: 0
| ECG_RISK: 0
| OXIM_RISK: 59.6509
| ABPS_RISK: 0
| ABPD_RISK: 0
| GLC_RISK: 0
| PATIENT_STATE:MODERATE RISK
Seconds Since Epoch: 1700102874442
*****************************************
General risk status: 59.6509%
Term: unknown
Ecg: unknown
Oxi: moderate risk
Abps: unknown
Abpd: unknown
Glc: unknown
Patient_Status: 59.650948

*****************************************
PatientStatusInfo#
| THERM_RISK: 0
| ECG_RISK: 0
| OXIM_RISK: 59.6509
| ABPS_RISK: 0
| ABPD_RISK: 0
| GLC_RISK: 0
| PATIENT_STATE:MODERATE RISK
Seconds Since Epoch: 1700102874562
*****************************************
General risk status: 59.6509%
Term: unknown
Ecg: unknown
Oxi: moderate risk
Abps: unknown
Abpd: unknown
Glc: unknown
Patient_Status: 59.650948

*****************************************
PatientStatusInfo#
| THERM_RISK: 0
| ECG_RISK: 0
| OXIM_RISK: 59.6509
| ABPS_RISK: 0
| ABPD_RISK: 0
| GLC_RISK: 0
| PATIENT_STATE:MODERATE RISK
Seconds Since Epoch: 1700102874655
*****************************************
General risk status: 59.6509%
Term: unknown
Ecg: unknown
Oxi: moderate risk
Abps: unknown
Abpd: unknown
Glc: unknown
Patient_Status: 59.650948

*****************************************
PatientStatusInfo#
| THERM_RISK: 0
| ECG_RISK: 0
| OXIM_RISK: 59.6509
| ABPS_RISK: 0
| ABPD_RISK: 0
| GLC_RISK: 0
| PATIENT_STATE:MODERATE RISK
Seconds Since Epoch: 1700102874773
*****************************************
++++++++++++++++++++
Trm: 0.000000
Ecg: 0.000000
Oxi: 60.036627
Abps: 0.000000
Abpd: 0.000000
Glc: 0.000000
++++++++++++++++++++
General risk status: 59.6509%
Term: unknown
Ecg: unknown
Oxi: moderate risk
Abps: unknown
Abpd: unknown
Glc: unknown
Patient_Status: 59.650948

*****************************************
PatientStatusInfo#
| THERM_RISK: 0
| ECG_RISK: 0
| OXIM_RISK: 43.1612
| ABPS_RISK: 0
| ABPD_RISK: 0
| GLC_RISK: 0
| PATIENT_STATE:MODERATE RISK
Seconds Since Epoch: 1700102875000
*****************************************
General risk status: 43.1612%
Term: unknown
Ecg: unknown
Oxi: moderate risk
Abps: unknown
Abpd: unknown
Glc: unknown
Patient_Status: 43.161158

*****************************************
PatientStatusInfo#
| THERM_RISK: 0
| ECG_RISK: 0
| OXIM_RISK: 43.1612
| ABPS_RISK: 0
| ABPD_RISK: 0
| GLC_RISK: 0
| PATIENT_STATE:MODERATE RISK
Seconds Since Epoch: 1700102875041
*****************************************
General risk status: 43.1612%
Term: unknown
Ecg: unknown
Oxi: moderate risk
Abps: unknown
Abpd: unknown
Glc: unknown
Patient_Status: 43.161158

*****************************************
PatientStatusInfo#
| THERM_RISK: 0
| ECG_RISK: 0
| OXIM_RISK: 43.1612
| ABPS_RISK: 0
| ABPD_RISK: 0
| GLC_RISK: 0
| PATIENT_STATE:MODERATE RISK
Seconds Since Epoch: 1700102875179
*****************************************
General risk status: 43.1612%
Term: unknown
Ecg: unknown
Oxi: moderate risk
Abps: unknown
Abpd: unknown
Glc: unknown
Patient_Status: 43.161158

*****************************************
PatientStatusInfo#
| THERM_RISK: 0
| ECG_RISK: 0
| OXIM_RISK: 43.1612
| ABPS_RISK: 0
| ABPD_RISK: 0
| GLC_RISK: 0
| PATIENT_STATE:MODERATE RISK
Seconds Since Epoch: 1700102875316
*****************************************
General risk status: 43.1612%
Term: unknown
Ecg: unknown
Oxi: moderate risk
Abps: unknown
Abpd: unknown
Glc: unknown
Patient_Status: 43.161158

*****************************************
PatientStatusInfo#
| THERM_RISK: 0
| ECG_RISK: 0
| OXIM_RISK: 43.1612
| ABPS_RISK: 0
| ABPD_RISK: 0
| GLC_RISK: 0
| PATIENT_STATE:MODERATE RISK
Seconds Since Epoch: 1700102875362
*****************************************
General risk status: 43.1612%
Term: unknown
Ecg: unknown
Oxi: moderate risk
Abps: unknown
Abpd: unknown
Glc: unknown
Patient_Status: 43.161158

*****************************************
PatientStatusInfo#
| THERM_RISK: 0
| ECG_RISK: 0
| OXIM_RISK: 43.1612
| ABPS_RISK: 0
| ABPD_RISK: 0
| GLC_RISK: 0
| PATIENT_STATE:MODERATE RISK
Seconds Since Epoch: 1700102875467
*****************************************
General risk status: 43.1612%
Term: unknown
Ecg: unknown
Oxi: moderate risk
Abps: unknown
Abpd: unknown
Glc: unknown
Patient_Status: 43.161158

*****************************************
PatientStatusInfo#
| THERM_RISK: 0
| ECG_RISK: 0
| OXIM_RISK: 43.1612
| ABPS_RISK: 0
| ABPD_RISK: 0
| GLC_RISK: 0
| PATIENT_STATE:MODERATE RISK
Seconds Since Epoch: 1700102879041
*****************************************
++++++++++++++++++++
Trm: 0.000000
Ecg: 0.000000
Oxi: 62.979286
Abps: 0.000000
Abpd: 0.000000
Glc: 0.000000
++++++++++++++++++++
General risk status: 43.1612%
Term: unknown
Ecg: unknown
Oxi: moderate risk
Abps: unknown
Abpd: unknown
Glc: unknown
Patient_Status: 43.161158

*****************************************
PatientStatusInfo#
| THERM_RISK: 0
| ECG_RISK: 0
| OXIM_RISK: 56.1089
| ABPS_RISK: 0
| ABPD_RISK: 0
| GLC_RISK: 0
| PATIENT_STATE:MODERATE RISK
Seconds Since Epoch: 1700102879191
*****************************************
General risk status: 56.1089%
Term: unknown
Ecg: unknown
Oxi: moderate risk
Abps: unknown
Abpd: unknown
Glc: unknown
Patient_Status: 56.108859

*****************************************
PatientStatusInfo#
| THERM_RISK: 0
| ECG_RISK: 0
| OXIM_RISK: 56.1089
| ABPS_RISK: 0
| ABPD_RISK: 0
| GLC_RISK: 0
| PATIENT_STATE:MODERATE RISK
Seconds Since Epoch: 1700102879235
*****************************************
General risk status: 56.1089%
Term: unknown
Ecg: unknown
Oxi: moderate risk
Abps: unknown
Abpd: unknown
Glc: unknown
Patient_Status: 56.108859

*****************************************
PatientStatusInfo#
| THERM_RISK: 0
| ECG_RISK: 0
| OXIM_RISK: 56.1089
| ABPS_RISK: 0
| ABPD_RISK: 0
| GLC_RISK: 0
| PATIENT_STATE:MODERATE RISK
Seconds Since Epoch: 1700102879388
*****************************************
General risk status: 56.1089%
Term: unknown
Ecg: unknown
Oxi: moderate risk
Abps: unknown
Abpd: unknown
Glc: unknown
Patient_Status: 56.108859

*****************************************
PatientStatusInfo#
| THERM_RISK: 0
| ECG_RISK: 0
| OXIM_RISK: 56.1089
| ABPS_RISK: 0
| ABPD_RISK: 0
| GLC_RISK: 0
| PATIENT_STATE:MODERATE RISK
Seconds Since Epoch: 1700102879430
*****************************************
General risk status: 56.1089%
Term: unknown
Ecg: unknown
Oxi: moderate risk
Abps: unknown
Abpd: unknown
Glc: unknown
Patient_Status: 56.108859

*****************************************
PatientStatusInfo#
| THERM_RISK: 0
| ECG_RISK: 0
| OXIM_RISK: 56.1089
| ABPS_RISK: 0
| ABPD_RISK: 0
| GLC_RISK: 0
| PATIENT_STATE:MODERATE RISK
Seconds Since Epoch: 1700102879638
*****************************************
General risk status: 56.1089%
Term: unknown
Ecg: unknown
Oxi: moderate risk
Abps: unknown
Abpd: unknown
Glc: unknown
Patient_Status: 56.108859

*****************************************
PatientStatusInfo#
| THERM_RISK: 0
| ECG_RISK: 0
| OXIM_RISK: 56.1089
| ABPS_RISK: 0
| ABPD_RISK: 0
| GLC_RISK: 0
| PATIENT_STATE:MODERATE RISK
Seconds Since Epoch: 1700102879728
*****************************************
++++++++++++++++++++
Trm: 0.000000
Ecg: 0.000000
Oxi: 94.719526
Abps: 0.000000
Abpd: 0.000000
Glc: 0.000000
++++++++++++++++++++
General risk status: 56.1089%
Term: unknown
Ecg: unknown
Oxi: low risk
Abps: unknown
Abpd: unknown
Glc: unknown
Patient_Status: 56.108859

*****************************************
PatientStatusInfo#
| THERM_RISK: 0
| ECG_RISK: 0
| OXIM_RISK: 13.9652
| ABPS_RISK: 0
| ABPD_RISK: 0
| GLC_RISK: 0
| PATIENT_STATE:MODERATE RISK
Seconds Since Epoch: 1700102879792
*****************************************
General risk status: 13.9652%
Term: unknown
Ecg: unknown
Oxi: low risk
Abps: unknown
Abpd: unknown
Glc: unknown
Patient_Status: 13.965172

*****************************************
PatientStatusInfo#
| THERM_RISK: 0
| ECG_RISK: 0
| OXIM_RISK: 13.9652
| ABPS_RISK: 0
| ABPD_RISK: 0
| GLC_RISK: 0
| PATIENT_STATE:VERY LOW RISK
Seconds Since Epoch: 1700102879925
*****************************************
General risk status: 13.9652%
Term: unknown
Ecg: unknown
Oxi: low risk
Abps: unknown
Abpd: unknown
Glc: unknown
Patient_Status: 13.965172

*****************************************
PatientStatusInfo#
| THERM_RISK: 0
| ECG_RISK: 0
| OXIM_RISK: 13.9652
| ABPS_RISK: 0
| ABPD_RISK: 0
| GLC_RISK: 0
| PATIENT_STATE:VERY LOW RISK
Seconds Since Epoch: 1700102880044
*****************************************
General risk status: 13.9652%
Term: unknown
Ecg: unknown
Oxi: low risk
Abps: unknown
Abpd: unknown
Glc: unknown
Patient_Status: 13.965172

*****************************************
PatientStatusInfo#
| THERM_RISK: 0
| ECG_RISK: 0
| OXIM_RISK: 13.9652
| ABPS_RISK: 0
| ABPD_RISK: 0
| GLC_RISK: 0
| PATIENT_STATE:VERY LOW RISK
Seconds Since Epoch: 1700102880177
*****************************************
General risk status: 13.9652%
Term: unknown
Ecg: unknown
Oxi: low risk
Abps: unknown
Abpd: unknown
Glc: unknown
Patient_Status: 13.965172

*****************************************
PatientStatusInfo#
| THERM_RISK: 0
| ECG_RISK: 0
| OXIM_RISK: 13.9652
| ABPS_RISK: 0
| ABPD_RISK: 0
| GLC_RISK: 0
| PATIENT_STATE:VERY LOW RISK
Seconds Since Epoch: 1700102880189
*****************************************
General risk status: 13.9652%
Term: unknown
Ecg: unknown
Oxi: low risk
Abps: unknown
Abpd: unknown
Glc: unknown
Patient_Status: 13.965172

*****************************************
PatientStatusInfo#
| THERM_RISK: 0
| ECG_RISK: 0
| OXIM_RISK: 13.9652
| ABPS_RISK: 0
| ABPD_RISK: 0
| GLC_RISK: 0
| PATIENT_STATE:VERY LOW RISK
Seconds Since Epoch: 1700102880326
*****************************************
General risk status: 13.9652%
Term: unknown
Ecg: unknown
Oxi: low risk
Abps: unknown
Abpd: unknown
Glc: unknown
Patient_Status: 13.965172

*****************************************
PatientStatusInfo#
| THERM_RISK: 0
| ECG_RISK: 0
| OXIM_RISK: 13.9652
| ABPS_RISK: 0
| ABPD_RISK: 0
| GLC_RISK: 0
| PATIENT_STATE:VERY LOW RISK
Seconds Since Epoch: 1700102880446
*****************************************
General risk status: 13.9652%
Term: unknown
Ecg: unknown
Oxi: low risk
Abps: unknown
Abpd: unknown
Glc: unknown
Patient_Status: 13.965172

*****************************************
PatientStatusInfo#
| THERM_RISK: 0
| ECG_RISK: 0
| OXIM_RISK: 13.9652
| ABPS_RISK: 0
| ABPD_RISK: 0
| GLC_RISK: 0
| PATIENT_STATE:VERY LOW RISK
Seconds Since Epoch: 1700102880512
*****************************************
General risk status: 13.9652%
Term: unknown
Ecg: unknown
Oxi: low risk
Abps: unknown
Abpd: unknown
Glc: unknown
Patient_Status: 13.965172

*****************************************
PatientStatusInfo#
| THERM_RISK: 0
| ECG_RISK: 0
| OXIM_RISK: 13.9652
| ABPS_RISK: 0
| ABPD_RISK: 0
| GLC_RISK: 0
| PATIENT_STATE:VERY LOW RISK
Seconds Since Epoch: 1700102880617
*****************************************
++++++++++++++++++++
Trm: 0.000000
Ecg: 0.000000
Oxi: 97.689764
Abps: 0.000000
Abpd: 0.000000
Glc: 0.000000
++++++++++++++++++++
General risk status: 13.9652%
Term: unknown
Ecg: unknown
Oxi: low risk
Abps: unknown
Abpd: unknown
Glc: unknown
Patient_Status: 13.965172

*****************************************
PatientStatusInfo#
| THERM_RISK: 0
| ECG_RISK: 0
| OXIM_RISK: 17.3597
| ABPS_RISK: 0
| ABPD_RISK: 0
| GLC_RISK: 0
| PATIENT_STATE:VERY LOW RISK
Seconds Since Epoch: 1700102880726
*****************************************
General risk status: 17.3597%
Term: unknown
Ecg: unknown
Oxi: low risk
Abps: unknown
Abpd: unknown
Glc: unknown
Patient_Status: 17.359730

*****************************************
PatientStatusInfo#
| THERM_RISK: 0
| ECG_RISK: 0
| OXIM_RISK: 17.3597
| ABPS_RISK: 0
| ABPD_RISK: 0
| GLC_RISK: 0
| PATIENT_STATE:VERY LOW RISK
Seconds Since Epoch: 1700102880866
*****************************************
General risk status: 17.3597%
Term: unknown
Ecg: unknown
Oxi: low risk
Abps: unknown
Abpd: unknown
Glc: unknown
Patient_Status: 17.359730

*****************************************
PatientStatusInfo#
| THERM_RISK: 0
| ECG_RISK: 0
| OXIM_RISK: 17.3597
| ABPS_RISK: 0
| ABPD_RISK: 0
| GLC_RISK: 0
| PATIENT_STATE:VERY LOW RISK
Seconds Since Epoch: 1700102880906
*****************************************
General risk status: 17.3597%
Term: unknown
Ecg: unknown
Oxi: low risk
Abps: unknown
Abpd: unknown
Glc: unknown
Patient_Status: 17.359730

*****************************************
PatientStatusInfo#
| THERM_RISK: 0
| ECG_RISK: 0
| OXIM_RISK: 17.3597
| ABPS_RISK: 0
| ABPD_RISK: 0
| GLC_RISK: 0
| PATIENT_STATE:VERY LOW RISK
Seconds Since Epoch: 1700102881018
*****************************************
General risk status: 17.3597%
Term: unknown
Ecg: unknown
Oxi: low risk
Abps: unknown
Abpd: unknown
Glc: unknown
Patient_Status: 17.359730

*****************************************
PatientStatusInfo#
| THERM_RISK: 0
| ECG_RISK: 0
| OXIM_RISK: 17.3597
| ABPS_RISK: 0
| ABPD_RISK: 0
| GLC_RISK: 0
| PATIENT_STATE:VERY LOW RISK
Seconds Since Epoch: 1700102881146
*****************************************
General risk status: 17.3597%
Term: unknown
Ecg: unknown
Oxi: low risk
Abps: unknown
Abpd: unknown
Glc: unknown
Patient_Status: 17.359730

*****************************************
PatientStatusInfo#
| THERM_RISK: 0
| ECG_RISK: 0
| OXIM_RISK: 17.3597
| ABPS_RISK: 0
| ABPD_RISK: 0
| GLC_RISK: 0
| PATIENT_STATE:VERY LOW RISK
Seconds Since Epoch: 1700102881224
*****************************************
General risk status: 17.3597%
Term: unknown
Ecg: unknown
Oxi: low risk
Abps: unknown
Abpd: unknown
Glc: unknown
Patient_Status: 17.359730

*****************************************
PatientStatusInfo#
| THERM_RISK: 0
| ECG_RISK: 0
| OXIM_RISK: 17.3597
| ABPS_RISK: 0
| ABPD_RISK: 0
| GLC_RISK: 0
| PATIENT_STATE:VERY LOW RISK
Seconds Since Epoch: 1700102881351
*****************************************
General risk status: 17.3597%
Term: unknown
Ecg: unknown
Oxi: low risk
Abps: unknown
Abpd: unknown
Glc: unknown
Patient_Status: 17.359730

*****************************************
PatientStatusInfo#
| THERM_RISK: 0
| ECG_RISK: 0
| OXIM_RISK: 17.3597
| ABPS_RISK: 0
| ABPD_RISK: 0
| GLC_RISK: 0
| PATIENT_STATE:VERY LOW RISK
Seconds Since Epoch: 1700102881480
*****************************************
General risk status: 17.3597%
Term: unknown
Ecg: unknown
Oxi: low risk
Abps: unknown
Abpd: unknown
Glc: unknown
Patient_Status: 17.359730

*****************************************
PatientStatusInfo#
| THERM_RISK: 0
| ECG_RISK: 0
| OXIM_RISK: 17.3597
| ABPS_RISK: 0
| ABPD_RISK: 0
| GLC_RISK: 0
| PATIENT_STATE:VERY LOW RISK
Seconds Since Epoch: 1700102881560
*****************************************
++++++++++++++++++++
Trm: 0.000000
Ecg: 0.000000
Oxi: 88.755731
Abps: 0.000000
Abpd: 0.000000
Glc: 0.000000
++++++++++++++++++++
General risk status: 17.3597%
Term: unknown
Ecg: unknown
Oxi: low risk
Abps: unknown
Abpd: unknown
Glc: unknown
Patient_Status: 17.359730

*****************************************
PatientStatusInfo#
| THERM_RISK: 0
| ECG_RISK: 0
| OXIM_RISK: 7.14941
| ABPS_RISK: 0
| ABPD_RISK: 0
| GLC_RISK: 0
| PATIENT_STATE:VERY LOW RISK
Seconds Since Epoch: 1700102884045
*****************************************
General risk status: 7.14941%
Term: unknown
Ecg: unknown
Oxi: low risk
Abps: unknown
Abpd: unknown
Glc: unknown
Patient_Status: 7.149406

*****************************************
PatientStatusInfo#
| THERM_RISK: 0
| ECG_RISK: 0
| OXIM_RISK: 7.14941
| ABPS_RISK: 0
| ABPD_RISK: 0
| GLC_RISK: 0
| PATIENT_STATE:VERY LOW RISK
Seconds Since Epoch: 1700102884516
*****************************************
General risk status: 7.14941%
Term: unknown
Ecg: unknown
Oxi: low risk
Abps: unknown
Abpd: unknown
Glc: unknown
Patient_Status: 7.149406

*****************************************
PatientStatusInfo#
| THERM_RISK: 0
| ECG_RISK: 0
| OXIM_RISK: 7.14941
| ABPS_RISK: 0
| ABPD_RISK: 0
| GLC_RISK: 0
| PATIENT_STATE:VERY LOW RISK
Seconds Since Epoch: 1700102884587
*****************************************
General risk status: 7.14941%
Term: unknown
Ecg: unknown
Oxi: low risk
Abps: unknown
Abpd: unknown
Glc: unknown
Patient_Status: 7.149406

*****************************************
PatientStatusInfo#
| THERM_RISK: 0
| ECG_RISK: 0
| OXIM_RISK: 7.14941
| ABPS_RISK: 0
| ABPD_RISK: 0
| GLC_RISK: 0
| PATIENT_STATE:VERY LOW RISK
Seconds Since Epoch: 1700102884768
*****************************************
General risk status: 7.14941%
Term: unknown
Ecg: unknown
Oxi: low risk
Abps: unknown
Abpd: unknown
Glc: unknown
Patient_Status: 7.149406

*****************************************
PatientStatusInfo#
| THERM_RISK: 0
| ECG_RISK: 0
| OXIM_RISK: 7.14941
| ABPS_RISK: 0
| ABPD_RISK: 0
| GLC_RISK: 0
| PATIENT_STATE:VERY LOW RISK
Seconds Since Epoch: 1700102884802
*****************************************
General risk status: 7.14941%
Term: unknown
Ecg: unknown
Oxi: low risk
Abps: unknown
Abpd: unknown
Glc: unknown
Patient_Status: 7.149406

*****************************************
PatientStatusInfo#
| THERM_RISK: 0
| ECG_RISK: 0
| OXIM_RISK: 7.14941
| ABPS_RISK: 0
| ABPD_RISK: 0
| GLC_RISK: 0
| PATIENT_STATE:VERY LOW RISK
Seconds Since Epoch: 1700102884877
*****************************************
++++++++++++++++++++
Trm: 0.000000
Ecg: 0.000000
Oxi: 62.406472
Abps: 0.000000
Abpd: 0.000000
Glc: 0.000000
++++++++++++++++++++
++++++++++++++++++++
Trm: 0.000000
Ecg: 0.000000
Oxi: 59.747587
Abps: 0.000000
Abpd: 0.000000
Glc: 0.000000
++++++++++++++++++++
General risk status: 7.14941%
Term: unknown
Ecg: unknown
Oxi: moderate risk
Abps: unknown
Abpd: unknown
Glc: unknown
Patient_Status: 7.149406

*****************************************
PatientStatusInfo#
| THERM_RISK: 0
| ECG_RISK: 0
| OXIM_RISK: 41.8894
| ABPS_RISK: 0
| ABPD_RISK: 0
| GLC_RISK: 0
| PATIENT_STATE:VERY LOW RISK
Seconds Since Epoch: 1700102885000
*****************************************
General risk status: 53.5885%
Term: unknown
Ecg: unknown
Oxi: moderate risk
Abps: unknown
Abpd: unknown
Glc: unknown
Patient_Status: 53.588479

*****************************************
PatientStatusInfo#
| THERM_RISK: 0
| ECG_RISK: 0
| OXIM_RISK: 41.8894
| ABPS_RISK: 0
| ABPD_RISK: 0
| GLC_RISK: 0
| PATIENT_STATE:MODERATE RISK
Seconds Since Epoch: 1700102885087
*****************************************
General risk status: 41.8894%
Term: unknown
Ecg: unknown
Oxi: moderate risk
Abps: unknown
Abpd: unknown
Glc: unknown
Patient_Status: 41.889382

*****************************************
PatientStatusInfo#
| THERM_RISK: 0
| ECG_RISK: 0
| OXIM_RISK: 41.8894
| ABPS_RISK: 0
| ABPD_RISK: 0
| GLC_RISK: 0
| PATIENT_STATE:MODERATE RISK
Seconds Since Epoch: 1700102885187
*****************************************
/g4t1
/g4t1
